This is pdfTeX, Version 3.141592653-2.6-1.40.25 (MiKTeX 24.1) (preloaded format=pdflatex 2024.9.5)  21 OCT 2024 23:36
entering extended mode
 restricted \write18 enabled.
 %&-line parsing enabled.
**./main.tex
(main.tex
LaTeX2e <2023-11-01> patch level 1
L3 programming layer <2024-01-04>

(C:\Users\Patrick Chen\AppData\Local\Programs\MiKTeX\tex/latex/base\article.cls
Document Class: article 2023/05/17 v1.4n Standard LaTeX document class
(C:\Users\Patrick Chen\AppData\Local\Programs\MiKTeX\tex/latex/base\size11.clo
File: size11.clo 2023/05/17 v1.4n Standard LaTeX file (size option)
)
\c@part=\count187
\c@section=\count188
\c@subsection=\count189
\c@subsubsection=\count190
\c@paragraph=\count191
\c@subparagraph=\count192
\c@figure=\count193
\c@table=\count194
\abovecaptionskip=\skip48
\belowcaptionskip=\skip49
\bibindent=\dimen140
)
(C:\Users\Patrick Chen\AppData\Local\Programs\MiKTeX\tex/latex/geometry\geometr
y.sty
Package: geometry 2020/01/02 v5.9 Page Geometry

(C:\Users\Patrick Chen\AppData\Local\Programs\MiKTeX\tex/latex/graphics\keyval.
sty
Package: keyval 2022/05/29 v1.15 key=value parser (DPC)
\KV@toks@=\toks17
)
(C:\Users\Patrick Chen\AppData\Local\Programs\MiKTeX\tex/generic/iftex\ifvtex.s
ty
Package: ifvtex 2019/10/25 v1.7 ifvtex legacy package. Use iftex instead.

(C:\Users\Patrick Chen\AppData\Local\Programs\MiKTeX\tex/generic/iftex\iftex.st
y
Package: iftex 2022/02/03 v1.0f TeX engine tests
))
\Gm@cnth=\count195
\Gm@cntv=\count196
\c@Gm@tempcnt=\count197
\Gm@bindingoffset=\dimen141
\Gm@wd@mp=\dimen142
\Gm@odd@mp=\dimen143
\Gm@even@mp=\dimen144
\Gm@layoutwidth=\dimen145
\Gm@layoutheight=\dimen146
\Gm@layouthoffset=\dimen147
\Gm@layoutvoffset=\dimen148
\Gm@dimlist=\toks18

(C:\Users\Patrick Chen\AppData\Local\Programs\MiKTeX\tex/latex/geometry\geometr
y.cfg))
(C:\Users\Patrick Chen\AppData\Local\Programs\MiKTeX\tex/latex/graphics\color.s
ty
Package: color 2022/01/06 v1.3d Standard LaTeX Color (DPC)

(C:\Users\Patrick Chen\AppData\Local\Programs\MiKTeX\tex/latex/graphics-cfg\col
or.cfg
File: color.cfg 2016/01/02 v1.6 sample color configuration
)
Package color Info: Driver file: pdftex.def on input line 149.

(C:\Users\Patrick Chen\AppData\Local\Programs\MiKTeX\tex/latex/graphics-def\pdf
tex.def
File: pdftex.def 2022/09/22 v1.2b Graphics/color driver for pdftex
)
(C:\Users\Patrick Chen\AppData\Local\Programs\MiKTeX\tex/latex/graphics\mathcol
or.ltx))
(C:\Users\Patrick Chen\AppData\Local\Programs\MiKTeX\tex/latex/xcolor\xcolor.st
y
Package: xcolor 2023/11/15 v3.01 LaTeX color extensions (UK)

(C:\Users\Patrick Chen\AppData\Local\Programs\MiKTeX\tex/latex/graphics-cfg\col
or.cfg
File: color.cfg 2016/01/02 v1.6 sample color configuration
)
Package xcolor Info: Driver file: pdftex.def on input line 274.
LaTeX Info: Redefining \color on input line 758.

(C:\Users\Patrick Chen\AppData\Local\Programs\MiKTeX\tex/latex/graphics\mathcol
or.ltx)
Package xcolor Info: Model `cmy' substituted by `cmy0' on input line 1350.
Package xcolor Info: Model `hsb' substituted by `rgb' on input line 1354.
Package xcolor Info: Model `RGB' extended on input line 1366.
Package xcolor Info: Model `HTML' substituted by `rgb' on input line 1368.
Package xcolor Info: Model `Hsb' substituted by `hsb' on input line 1369.
Package xcolor Info: Model `tHsb' substituted by `hsb' on input line 1370.
Package xcolor Info: Model `HSB' substituted by `hsb' on input line 1371.
Package xcolor Info: Model `Gray' substituted by `gray' on input line 1372.
Package xcolor Info: Model `wave' substituted by `hsb' on input line 1373.
)
(C:\Users\Patrick Chen\AppData\Local\Programs\MiKTeX\tex/latex/amsmath\amsmath.
sty
Package: amsmath 2023/05/13 v2.17o AMS math features
\@mathmargin=\skip50

For additional information on amsmath, use the `?' option.

(C:\Users\Patrick Chen\AppData\Local\Programs\MiKTeX\tex/latex/amsmath\amstext.
sty
Package: amstext 2021/08/26 v2.01 AMS text

(C:\Users\Patrick Chen\AppData\Local\Programs\MiKTeX\tex/latex/amsmath\amsgen.s
ty
File: amsgen.sty 1999/11/30 v2.0 generic functions
\@emptytoks=\toks19
\ex@=\dimen149
))
(C:\Users\Patrick Chen\AppData\Local\Programs\MiKTeX\tex/latex/amsmath\amsbsy.s
ty
Package: amsbsy 1999/11/29 v1.2d Bold Symbols
\pmbraise@=\dimen150
)
(C:\Users\Patrick Chen\AppData\Local\Programs\MiKTeX\tex/latex/amsmath\amsopn.s
ty
Package: amsopn 2022/04/08 v2.04 operator names
)
\inf@bad=\count198
LaTeX Info: Redefining \frac on input line 234.
\uproot@=\count199
\leftroot@=\count266
LaTeX Info: Redefining \overline on input line 399.
LaTeX Info: Redefining \colon on input line 410.
\classnum@=\count267
\DOTSCASE@=\count268
LaTeX Info: Redefining \ldots on input line 496.
LaTeX Info: Redefining \dots on input line 499.
LaTeX Info: Redefining \cdots on input line 620.
\Mathstrutbox@=\box51
\strutbox@=\box52
LaTeX Info: Redefining \big on input line 722.
LaTeX Info: Redefining \Big on input line 723.
LaTeX Info: Redefining \bigg on input line 724.
LaTeX Info: Redefining \Bigg on input line 725.
\big@size=\dimen151
LaTeX Font Info:    Redeclaring font encoding OML on input line 743.
LaTeX Font Info:    Redeclaring font encoding OMS on input line 744.
\macc@depth=\count269
LaTeX Info: Redefining \bmod on input line 905.
LaTeX Info: Redefining \pmod on input line 910.
LaTeX Info: Redefining \smash on input line 940.
LaTeX Info: Redefining \relbar on input line 970.
LaTeX Info: Redefining \Relbar on input line 971.
\c@MaxMatrixCols=\count270
\dotsspace@=\muskip16
\c@parentequation=\count271
\dspbrk@lvl=\count272
\tag@help=\toks20
\row@=\count273
\column@=\count274
\maxfields@=\count275
\andhelp@=\toks21
\eqnshift@=\dimen152
\alignsep@=\dimen153
\tagshift@=\dimen154
\tagwidth@=\dimen155
\totwidth@=\dimen156
\lineht@=\dimen157
\@envbody=\toks22
\multlinegap=\skip51
\multlinetaggap=\skip52
\mathdisplay@stack=\toks23
LaTeX Info: Redefining \[ on input line 2953.
LaTeX Info: Redefining \] on input line 2954.
)
(C:\Users\Patrick Chen\AppData\Local\Programs\MiKTeX\tex/latex/amsfonts\amsfont
s.sty
Package: amsfonts 2013/01/14 v3.01 Basic AMSFonts support
\symAMSa=\mathgroup4
\symAMSb=\mathgroup5
LaTeX Font Info:    Redeclaring math symbol \hbar on input line 98.
LaTeX Font Info:    Overwriting math alphabet `\mathfrak' in version `bold'
(Font)                  U/euf/m/n --> U/euf/b/n on input line 106.
)
(C:\Users\Patrick Chen\AppData\Local\Programs\MiKTeX\tex/latex/tools\enumerate.
sty
Package: enumerate 2023/07/04 v3.00 enumerate extensions (DPC)
\@enLab=\toks24
)
(C:\Users\Patrick Chen\AppData\Local\Programs\MiKTeX\tex/latex/graphics\graphic
x.sty
Package: graphicx 2021/09/16 v1.2d Enhanced LaTeX Graphics (DPC,SPQR)

(C:\Users\Patrick Chen\AppData\Local\Programs\MiKTeX\tex/latex/graphics\graphic
s.sty
Package: graphics 2022/03/10 v1.4e Standard LaTeX Graphics (DPC,SPQR)

(C:\Users\Patrick Chen\AppData\Local\Programs\MiKTeX\tex/latex/graphics\trig.st
y
Package: trig 2021/08/11 v1.11 sin cos tan (DPC)
)
(C:\Users\Patrick Chen\AppData\Local\Programs\MiKTeX\tex/latex/graphics-cfg\gra
phics.cfg
File: graphics.cfg 2016/06/04 v1.11 sample graphics configuration
)
Package graphics Info: Driver file: pdftex.def on input line 107.
)
\Gin@req@height=\dimen158
\Gin@req@width=\dimen159
)
(C:\Users\Patrick Chen\AppData\Local\Programs\MiKTeX\tex/latex/titling\titling.
sty
Package: titling 2009/09/04 v2.1d maketitle typesetting
\thanksmarkwidth=\skip53
\thanksmargin=\skip54
\droptitle=\skip55
)
(C:\Users\Patrick Chen\AppData\Local\Programs\MiKTeX\tex/latex/l3packages/xfrac
\xfrac.sty
(C:\Users\Patrick Chen\AppData\Local\Programs\MiKTeX\tex/latex/l3kernel\expl3.s
ty
Package: expl3 2024-01-04 L3 programming layer (loader) 

(C:\Users\Patrick Chen\AppData\Local\Programs\MiKTeX\tex/latex/l3backend\l3back
end-pdftex.def
File: l3backend-pdftex.def 2024-01-04 L3 backend support: PDF output (pdfTeX)
\l__color_backend_stack_int=\count276
\l__pdf_internal_box=\box53
))
(C:\Users\Patrick Chen\AppData\Local\Programs\MiKTeX\tex/latex/l3packages/l3key
s2e\l3keys2e.sty
Package: l3keys2e 2023-10-10 LaTeX2e option processing using LaTeX3 keys
)
(C:\Users\Patrick Chen\AppData\Local\Programs\MiKTeX\tex/latex/base\textcomp.st
y
Package: textcomp 2020/02/02 v2.0n Standard LaTeX package
)
(C:\Users\Patrick Chen\AppData\Local\Programs\MiKTeX\tex/latex/l3packages/xpars
e\xparse.sty
Package: xparse 2023-10-10 L3 Experimental document command parser
)
(C:\Users\Patrick Chen\AppData\Local\Programs\MiKTeX\tex/latex/l3packages/xtemp
late\xtemplate.sty
Package: xtemplate 2023-10-10 L3 Experimental prototype document functions
\l__xtemplate_tmp_dim=\dimen160
\l__xtemplate_tmp_int=\count277
\l__xtemplate_tmp_muskip=\muskip17
\l__xtemplate_tmp_skip=\skip56
)
Package: xfrac 2023-10-10 L3 Experimental split-level fractions
\l__xfrac_slash_box=\box54
\l__xfrac_tmp_box=\box55
\l__xfrac_denominator_bot_sep_dim=\dimen161
\l__xfrac_numerator_bot_sep_dim=\dimen162
\l__xfrac_numerator_top_sep_dim=\dimen163
\l__xfrac_slash_left_sep_dim=\dimen164
\l__xfrac_slash_right_sep_dim=\dimen165
\l__xfrac_slash_left_muskip=\muskip18
\l__xfrac_slash_right_muskip=\muskip19

Package xtemplate Info: Declaring object type 'xfrac' taking 3 argument(s) on
(xtemplate)             line 80.

)
(C:\Users\Patrick Chen\AppData\Local\Programs\MiKTeX\tex/latex/fancyhdr\fancyhd
r.sty
Package: fancyhdr 2024/07/23 v4.3.1 Extensive control of page headers and foote
rs
\f@nch@headwidth=\skip57
\f@nch@O@elh=\skip58
\f@nch@O@erh=\skip59
\f@nch@O@olh=\skip60
\f@nch@O@orh=\skip61
\f@nch@O@elf=\skip62
\f@nch@O@erf=\skip63
\f@nch@O@olf=\skip64
\f@nch@O@orf=\skip65
)
(C:\Users\Patrick Chen\AppData\Local\Programs\MiKTeX\tex/latex/natbib\natbib.st
y
Package: natbib 2010/09/13 8.31b (PWD, AO)
\bibhang=\skip66
\bibsep=\skip67
LaTeX Info: Redefining \cite on input line 694.
\c@NAT@ctr=\count278
)
(C:\Users\Patrick Chen\AppData\Local\Programs\MiKTeX\tex/latex/amsfonts\amssymb
.sty
Package: amssymb 2013/01/14 v3.01 AMS font symbols
)
(C:\Users\Patrick Chen\AppData\Local\Programs\MiKTeX\tex/latex/amscls\amsthm.st
y
Package: amsthm 2020/05/29 v2.20.6
\thm@style=\toks25
\thm@bodyfont=\toks26
\thm@headfont=\toks27
\thm@notefont=\toks28
\thm@headpunct=\toks29
\thm@preskip=\skip68
\thm@postskip=\skip69
\thm@headsep=\skip70
\dth@everypar=\toks30
)
(C:\Users\Patrick Chen\AppData\Local\Programs\MiKTeX\tex/latex/paralist\paralis
t.sty
Package: paralist 2017/01/22 v2.7 Extended list environments
\pltopsep=\skip71
\plpartopsep=\skip72
\plitemsep=\skip73
\plparsep=\skip74
\pl@lab=\toks31
)
(C:\Users\Patrick Chen\AppData\Local\Programs\MiKTeX\tex/latex/epstopdf-pkg\eps
topdf.sty
Package: epstopdf 2020-01-24 v2.11 Conversion with epstopdf on the fly (HO)

(C:\Users\Patrick Chen\AppData\Local\Programs\MiKTeX\tex/generic/infwarerr\infw
arerr.sty
Package: infwarerr 2019/12/03 v1.5 Providing info/warning/error messages (HO)
)
(C:\Users\Patrick Chen\AppData\Local\Programs\MiKTeX\tex/latex/grfext\grfext.st
y
Package: grfext 2019/12/03 v1.3 Manage graphics extensions (HO)

(C:\Users\Patrick Chen\AppData\Local\Programs\MiKTeX\tex/generic/kvdefinekeys\k
vdefinekeys.sty
Package: kvdefinekeys 2019-12-19 v1.6 Define keys (HO)
))
(C:\Users\Patrick Chen\AppData\Local\Programs\MiKTeX\tex/latex/kvoptions\kvopti
ons.sty
Package: kvoptions 2022-06-15 v3.15 Key value format for package options (HO)

(C:\Users\Patrick Chen\AppData\Local\Programs\MiKTeX\tex/generic/ltxcmds\ltxcmd
s.sty
Package: ltxcmds 2023-12-04 v1.26 LaTeX kernel commands for general use (HO)
)
(C:\Users\Patrick Chen\AppData\Local\Programs\MiKTeX\tex/latex/kvsetkeys\kvsetk
eys.sty
Package: kvsetkeys 2022-10-05 v1.19 Key value parser (HO)
))
(C:\Users\Patrick Chen\AppData\Local\Programs\MiKTeX\tex/generic/pdftexcmds\pdf
texcmds.sty
Package: pdftexcmds 2020-06-27 v0.33 Utility functions of pdfTeX for LuaTeX (HO
)
Package pdftexcmds Info: \pdf@primitive is available.
Package pdftexcmds Info: \pdf@ifprimitive is available.
Package pdftexcmds Info: \pdfdraftmode found.
)
(C:\Users\Patrick Chen\AppData\Local\Programs\MiKTeX\tex/latex/epstopdf-pkg\eps
topdf-base.sty
Package: epstopdf-base 2020-01-24 v2.11 Base part for package epstopdf
Package epstopdf-base Info: Redefining graphics rule for `.eps' on input line 4
85.
Package grfext Info: Graphics extension search list:
(grfext)             [.pdf,.png,.jpg,.mps,.jpeg,.jbig2,.jb2,.PDF,.PNG,.JPG,.JPE
G,.JBIG2,.JB2,.eps]
(grfext)             \AppendGraphicsExtensions on input line 504.

(C:\Users\Patrick Chen\AppData\Local\Programs\MiKTeX\tex/latex/00miktex\epstopd
f-sys.cfg
File: epstopdf-sys.cfg 2021/03/18 v2.0 Configuration of epstopdf for MiKTeX
)))
(C:\Users\Patrick Chen\AppData\Local\Programs\MiKTeX\tex/latex/tools\tabularx.s
ty
Package: tabularx 2023/07/08 v2.11c `tabularx' package (DPC)

(C:\Users\Patrick Chen\AppData\Local\Programs\MiKTeX\tex/latex/tools\array.sty
Package: array 2023/10/16 v2.5g Tabular extension package (FMi)
\col@sep=\dimen166
\ar@mcellbox=\box56
\extrarowheight=\dimen167
\NC@list=\toks32
\extratabsurround=\skip75
\backup@length=\skip76
\ar@cellbox=\box57
)
\TX@col@width=\dimen168
\TX@old@table=\dimen169
\TX@old@col=\dimen170
\TX@target=\dimen171
\TX@delta=\dimen172
\TX@cols=\count279
\TX@ftn=\toks33
)
(C:\Users\Patrick Chen\AppData\Local\Programs\MiKTeX\tex/latex/tools\longtable.
sty
Package: longtable 2023-11-01 v4.19 Multi-page Table package (DPC)
\LTleft=\skip77
\LTright=\skip78
\LTpre=\skip79
\LTpost=\skip80
\LTchunksize=\count280
\LTcapwidth=\dimen173
\LT@head=\box58
\LT@firsthead=\box59
\LT@foot=\box60
\LT@lastfoot=\box61
\LT@gbox=\box62
\LT@cols=\count281
\LT@rows=\count282
\c@LT@tables=\count283
\c@LT@chunks=\count284
\LT@p@ftn=\toks34
)
(C:\Users\Patrick Chen\AppData\Local\Programs\MiKTeX\tex/latex/multirow\multiro
w.sty
Package: multirow 2021/03/15 v2.8 Span multiple rows of a table
\multirow@colwidth=\skip81
\multirow@cntb=\count285
\multirow@dima=\skip82
\bigstrutjot=\dimen174
)
(C:\Users\Patrick Chen\AppData\Local\Programs\MiKTeX\tex/latex/tools\multicol.s
ty
Package: multicol 2023/03/30 v1.9f multicolumn formatting (FMi)
\c@tracingmulticols=\count286
\mult@box=\box63
\multicol@leftmargin=\dimen175
\c@unbalance=\count287
\c@collectmore=\count288
\doublecol@number=\count289
\multicoltolerance=\count290
\multicolpretolerance=\count291
\full@width=\dimen176
\page@free=\dimen177
\premulticols=\dimen178
\postmulticols=\dimen179
\multicolsep=\skip83
\multicolbaselineskip=\skip84
\partial@page=\box64
\last@line=\box65
\mc@boxedresult=\box66
\maxbalancingoverflow=\dimen180
\mult@rightbox=\box67
\mult@grightbox=\box68
\mult@firstbox=\box69
\mult@gfirstbox=\box70
\@tempa=\box71
\@tempa=\box72
\@tempa=\box73
\@tempa=\box74
\@tempa=\box75
\@tempa=\box76
\@tempa=\box77
\@tempa=\box78
\@tempa=\box79
\@tempa=\box80
\@tempa=\box81
\@tempa=\box82
\@tempa=\box83
\@tempa=\box84
\@tempa=\box85
\@tempa=\box86
\@tempa=\box87
\@tempa=\box88
\@tempa=\box89
\@tempa=\box90
\@tempa=\box91
\@tempa=\box92
\@tempa=\box93
\@tempa=\box94
\@tempa=\box95
\@tempa=\box96
\@tempa=\box97
\@tempa=\box98
\@tempa=\box99
\@tempa=\box100
\@tempa=\box101
\@tempa=\box102
\@tempa=\box103
\@tempa=\box104
\@tempa=\box105
\@tempa=\box106
\c@minrows=\count292
\c@columnbadness=\count293
\c@finalcolumnbadness=\count294
\last@try=\dimen181
\multicolovershoot=\dimen182
\multicolundershoot=\dimen183
\mult@nat@firstbox=\box107
\colbreak@box=\box108
\mc@col@check@num=\count295
)
(C:\Users\Patrick Chen\AppData\Local\Programs\MiKTeX\tex/latex/fancyvrb\fancyvr
b.sty
Package: fancyvrb 2024/01/20 4.5c verbatim text (tvz,hv)
\FV@CodeLineNo=\count296
\FV@InFile=\read2
\FV@TabBox=\box109
\c@FancyVerbLine=\count297
\FV@StepNumber=\count298
\FV@OutFile=\write3
)
(C:\Users\Patrick Chen\AppData\Local\Programs\MiKTeX\tex/latex/algorithms\algor
ithm.sty
Package: algorithm 2009/08/24 v0.1 Document Style `algorithm' - floating enviro
nment

(C:\Users\Patrick Chen\AppData\Local\Programs\MiKTeX\tex/latex/float\float.sty
Package: float 2001/11/08 v1.3d Float enhancements (AL)
\c@float@type=\count299
\float@exts=\toks35
\float@box=\box110
\@float@everytoks=\toks36
\@floatcapt=\box111
) (C:\Users\Patrick Chen\AppData\Local\Programs\MiKTeX\tex/latex/base\ifthen.st
y
Package: ifthen 2022/04/13 v1.1d Standard LaTeX ifthen package (DPC)
)
\@float@every@algorithm=\toks37
\c@algorithm=\count300
)
(C:\Users\Patrick Chen\AppData\Local\Programs\MiKTeX\tex/latex/algorithmicx\alg
orithmicx.sty
Package: algorithmicx 2005/04/27 v1.2 Algorithmicx

Document Style algorithmicx 1.2 - a greatly improved `algorithmic' style
\c@ALG@line=\count301
\c@ALG@rem=\count302
\c@ALG@nested=\count303
\ALG@tlm=\skip85
\ALG@thistlm=\skip86
\c@ALG@Lnr=\count304
\c@ALG@blocknr=\count305
\c@ALG@storecount=\count306
\c@ALG@tmpcounter=\count307
\ALG@tmplength=\skip87
)
(C:\Users\Patrick Chen\AppData\Local\Programs\MiKTeX\tex/latex/algorithmicx\alg
pseudocode.sty
Package: algpseudocode 

Document Style - pseudocode environments for use with the `algorithmicx' style
)
(C:\Users\Patrick Chen\AppData\Local\Programs\MiKTeX\tex/latex/psnfss\times.sty
Package: times 2020/03/25 PSNFSS-v9.3 (SPQR) 
) (C:\Users\Patrick Chen\AppData\Local\Programs\MiKTeX\tex/latex/url\url.sty
\Urlmuskip=\muskip20
Package: url 2013/09/16  ver 3.4  Verb mode for urls, etc.
)
(C:\Users\Patrick Chen\AppData\Local\Programs\MiKTeX\tex/latex/comment\comment.
sty
\CommentStream=\write4
 Excluding comment 'comment')
(C:\Users\Patrick Chen\AppData\Local\Programs\MiKTeX\tex/latex/environ\environ.
sty
Package: environ 2014/05/04 v0.3 A new way to define environments

(C:\Users\Patrick Chen\AppData\Local\Programs\MiKTeX\tex/latex/trimspaces\trims
paces.sty
Package: trimspaces 2009/09/17 v1.1 Trim spaces around a token list
))
(C:\Users\Patrick Chen\AppData\Local\Programs\MiKTeX\tex/latex/caption\caption.
sty
Package: caption 2023/08/05 v3.6o Customizing captions (AR)

(C:\Users\Patrick Chen\AppData\Local\Programs\MiKTeX\tex/latex/caption\caption3
.sty
Package: caption3 2023/07/31 v2.4d caption3 kernel (AR)
\caption@tempdima=\dimen184
\captionmargin=\dimen185
\caption@leftmargin=\dimen186
\caption@rightmargin=\dimen187
\caption@width=\dimen188
\caption@indent=\dimen189
\caption@parindent=\dimen190
\caption@hangindent=\dimen191
Package caption Info: Standard document class detected.
)
\c@caption@flags=\count308
\c@continuedfloat=\count309
Package caption Info: float package is loaded.
Package caption Info: longtable package is loaded.

(C:\Users\Patrick Chen\AppData\Local\Programs\MiKTeX\tex/latex/caption\ltcaptio
n.sty
Package: ltcaption 2021/01/08 v1.4c longtable captions (AR)
))
(C:\Users\Patrick Chen\AppData\Local\Programs\MiKTeX\tex/latex/hyperref\hyperre
f.sty
Package: hyperref 2023-11-26 v7.01g Hypertext links for LaTeX

(C:\Users\Patrick Chen\AppData\Local\Programs\MiKTeX\tex/generic/pdfescape\pdfe
scape.sty
Package: pdfescape 2019/12/09 v1.15 Implements pdfTeX's escape features (HO)
)
(C:\Users\Patrick Chen\AppData\Local\Programs\MiKTeX\tex/latex/hycolor\hycolor.
sty
Package: hycolor 2020-01-27 v1.10 Color options for hyperref/bookmark (HO)
)
(C:\Users\Patrick Chen\AppData\Local\Programs\MiKTeX\tex/latex/letltxmacro\letl
txmacro.sty
Package: letltxmacro 2019/12/03 v1.6 Let assignment for LaTeX macros (HO)
)
(C:\Users\Patrick Chen\AppData\Local\Programs\MiKTeX\tex/latex/auxhook\auxhook.
sty
Package: auxhook 2019-12-17 v1.6 Hooks for auxiliary files (HO)
)
(C:\Users\Patrick Chen\AppData\Local\Programs\MiKTeX\tex/latex/hyperref\nameref
.sty
Package: nameref 2023-11-26 v2.56 Cross-referencing by name of section

(C:\Users\Patrick Chen\AppData\Local\Programs\MiKTeX\tex/latex/refcount\refcoun
t.sty
Package: refcount 2019/12/15 v3.6 Data extraction from label references (HO)
)
(C:\Users\Patrick Chen\AppData\Local\Programs\MiKTeX\tex/generic/gettitlestring
\gettitlestring.sty
Package: gettitlestring 2019/12/15 v1.6 Cleanup title references (HO)
)
\c@section@level=\count310
)
(C:\Users\Patrick Chen\AppData\Local\Programs\MiKTeX\tex/latex/etoolbox\etoolbo
x.sty
Package: etoolbox 2020/10/05 v2.5k e-TeX tools for LaTeX (JAW)
\etb@tempcnta=\count311
)
\@linkdim=\dimen192
\Hy@linkcounter=\count312
\Hy@pagecounter=\count313

(C:\Users\Patrick Chen\AppData\Local\Programs\MiKTeX\tex/latex/hyperref\pd1enc.
def
File: pd1enc.def 2023-11-26 v7.01g Hyperref: PDFDocEncoding definition (HO)
Now handling font encoding PD1 ...
... no UTF-8 mapping file for font encoding PD1
)
(C:\Users\Patrick Chen\AppData\Local\Programs\MiKTeX\tex/generic/intcalc\intcal
c.sty
Package: intcalc 2019/12/15 v1.3 Expandable calculations with integers (HO)
)
\Hy@SavedSpaceFactor=\count314

(C:\Users\Patrick Chen\AppData\Local\Programs\MiKTeX\tex/latex/hyperref\puenc.d
ef
File: puenc.def 2023-11-26 v7.01g Hyperref: PDF Unicode definition (HO)
Now handling font encoding PU ...
... no UTF-8 mapping file for font encoding PU
)
Package hyperref Info: Option `colorlinks' set `true' on input line 4064.
Package hyperref Info: Hyper figures OFF on input line 4181.
Package hyperref Info: Link nesting OFF on input line 4186.
Package hyperref Info: Hyper index ON on input line 4189.
Package hyperref Info: Plain pages OFF on input line 4196.
Package hyperref Info: Backreferencing OFF on input line 4201.
Package hyperref Info: Implicit mode ON; LaTeX internals redefined.
Package hyperref Info: Bookmarks ON on input line 4448.
\c@Hy@tempcnt=\count315
LaTeX Info: Redefining \url on input line 4786.
\XeTeXLinkMargin=\dimen193

(C:\Users\Patrick Chen\AppData\Local\Programs\MiKTeX\tex/generic/bitset\bitset.
sty
Package: bitset 2019/12/09 v1.3 Handle bit-vector datatype (HO)

(C:\Users\Patrick Chen\AppData\Local\Programs\MiKTeX\tex/generic/bigintcalc\big
intcalc.sty
Package: bigintcalc 2019/12/15 v1.5 Expandable calculations on big integers (HO
)
))
\Fld@menulength=\count316
\Field@Width=\dimen194
\Fld@charsize=\dimen195
Package hyperref Info: Hyper figures OFF on input line 6065.
Package hyperref Info: Link nesting OFF on input line 6070.
Package hyperref Info: Hyper index ON on input line 6073.
Package hyperref Info: backreferencing OFF on input line 6080.
Package hyperref Info: Link coloring ON on input line 6083.
Package hyperref Info: Link coloring with OCG OFF on input line 6090.
Package hyperref Info: PDF/A mode OFF on input line 6095.

(C:\Users\Patrick Chen\AppData\Local\Programs\MiKTeX\tex/latex/base\atbegshi-lt
x.sty
Package: atbegshi-ltx 2021/01/10 v1.0c Emulation of the original atbegshi
package with kernel methods
)
\Hy@abspage=\count317
\c@Item=\count318
\c@Hfootnote=\count319
)
Package hyperref Info: Driver (autodetected): hpdftex.

(C:\Users\Patrick Chen\AppData\Local\Programs\MiKTeX\tex/latex/hyperref\hpdftex
.def
File: hpdftex.def 2023-11-26 v7.01g Hyperref driver for pdfTeX

(C:\Users\Patrick Chen\AppData\Local\Programs\MiKTeX\tex/latex/base\atveryend-l
tx.sty
Package: atveryend-ltx 2020/08/19 v1.0a Emulation of the original atveryend pac
kage
with kernel methods
)
\Fld@listcount=\count320
\c@bookmark@seq@number=\count321

(C:\Users\Patrick Chen\AppData\Local\Programs\MiKTeX\tex/latex/rerunfilecheck\r
erunfilecheck.sty
Package: rerunfilecheck 2022-07-10 v1.10 Rerun checks for auxiliary files (HO)

(C:\Users\Patrick Chen\AppData\Local\Programs\MiKTeX\tex/generic/uniquecounter\
uniquecounter.sty
Package: uniquecounter 2019/12/15 v1.4 Provide unlimited unique counter (HO)
)
Package uniquecounter Info: New unique counter `rerunfilecheck' on input line 2
85.
)
\Hy@SectionHShift=\skip88
)
(C:\Users\Patrick Chen\AppData\Local\Programs\MiKTeX\tex/latex/cleveref\clevere
f.sty
Package: cleveref 2018/03/27 v0.21.4 Intelligent cross-referencing
Package cleveref Info: `hyperref' support loaded on input line 2370.
LaTeX Info: Redefining \cref on input line 2370.
LaTeX Info: Redefining \Cref on input line 2370.
LaTeX Info: Redefining \crefrange on input line 2370.
LaTeX Info: Redefining \Crefrange on input line 2370.
LaTeX Info: Redefining \cpageref on input line 2370.
LaTeX Info: Redefining \Cpageref on input line 2370.
LaTeX Info: Redefining \cpagerefrange on input line 2370.
LaTeX Info: Redefining \Cpagerefrange on input line 2370.
LaTeX Info: Redefining \labelcref on input line 2370.
LaTeX Info: Redefining \labelcpageref on input line 2370.
Package cleveref Info: `amsthm' support loaded on input line 3026.
Package cleveref Info: `algorithmicx' support loaded on input line 3120.
)
(C:\Users\Patrick Chen\AppData\Local\Programs\MiKTeX\tex/latex/parskip\parskip.
sty
Package: parskip 2021-03-14 v2.0h non-zero parskip adjustments
)
(C:\Users\Patrick Chen\AppData\Local\Programs\MiKTeX\tex/latex/titlesec\titlese
c.sty
Package: titlesec 2023/10/27 v2.16 Sectioning titles
\ttl@box=\box112
\beforetitleunit=\skip89
\aftertitleunit=\skip90
\ttl@plus=\dimen196
\ttl@minus=\dimen197
\ttl@toksa=\toks38
\titlewidth=\dimen198
\titlewidthlast=\dimen199
\titlewidthfirst=\dimen256
)
(C:\Users\Patrick Chen\AppData\Local\Programs\MiKTeX\tex/latex/enumitem\enumite
m.sty
Package: enumitem 2019/06/20 v3.9 Customized lists
\labelindent=\skip91
\enit@outerparindent=\dimen257
\enit@toks=\toks39
\enit@inbox=\box113
\enit@count@id=\count322
\enitdp@description=\count323
)
(C:\Users\Patrick Chen\AppData\Local\Programs\MiKTeX\tex/latex/datetime\datetim
e.sty
Package: datetime 2015/03/20 v2.60 Date Time Package

(C:\Users\Patrick Chen\AppData\Local\Programs\MiKTeX\tex/latex/fmtcount\fmtcoun
t.sty
Package: fmtcount 2020/01/30 v3.07

(C:\Users\Patrick Chen\AppData\Local\Programs\MiKTeX\tex/latex/xkeyval\xkeyval.
sty
Package: xkeyval 2022/06/16 v2.9 package option processing (HA)

(C:\Users\Patrick Chen\AppData\Local\Programs\MiKTeX\tex/generic/xkeyval\xkeyva
l.tex
(C:\Users\Patrick Chen\AppData\Local\Programs\MiKTeX\tex/generic/xkeyval\xkvuti
ls.tex
\XKV@toks=\toks40
\XKV@tempa@toks=\toks41
)
\XKV@depth=\count324
File: xkeyval.tex 2014/12/03 v2.7a key=value parser (HA)
))
(C:\Users\Patrick Chen\AppData\Local\Programs\MiKTeX\tex/latex/fmtcount\fcprefi
x.sty
Package: fcprefix 2012/09/28

(C:\Users\Patrick Chen\AppData\Local\Programs\MiKTeX\tex/latex/fmtcount\fcnumpa
rser.sty
Package: fcnumparser 2017/06/15
\fc@digit@counter=\count325
))
\c@padzeroesN=\count326
\fc@tmpcatcode=\count327
\@DT@modctr=\count328
\@ordinalctr=\count329
\@orgargctr=\count330
\@strctr=\count331
\@tmpstrctr=\count332
\@DT@loopN=\count333
\@DT@X=\count334
)
(C:\Users\Patrick Chen\AppData\Local\Programs\MiKTeX\tex/latex/datetime\datetim
e-defaults.sty
Package: datetime-defaults 2013/09/10
)
\@day=\count335
\@month=\count336
\@year=\count337
\c@HOUR=\count338
\c@HOURXII=\count339
\c@MINUTE=\count340
\c@TOHOUR=\count341
\c@TOMINUTE=\count342
\c@SECOND=\count343
\currenthour=\count344
\currentminute=\count345
\currentsecond=\count346
Package datetime Info: No datetime.cfg file found, using default settings on in
put line 308.
\@dtctr=\count347
\dayofyear=\count348
\dayofweek=\count349
LaTeX Info: Redefining \today on input line 736.
\dt@a=\toks42
\dt@b=\toks43
)
(C:\Users\Patrick Chen\AppData\Local\Programs\MiKTeX\tex/latex/lastpage\lastpag
e.sty
Package: lastpage 2024/07/07 v2.1c lastpage: 2.09 or 2e? (HMM)

(C:\Users\Patrick Chen\AppData\Local\Programs\MiKTeX\tex/latex/lastpage\lastpag
e2e.sty
Package: lastpage2e 2024/07/07 v2.1c Decide which 2e lastpage version to use (H
MM)

(C:\Users\Patrick Chen\AppData\Local\Programs\MiKTeX\tex/latex/lastpage\lastpag
emodern.sty
Package: lastpagemodern 2024-07-07 v2.1c Refers to last page's name (HMM; JPG)
\c@lastpagecount=\count350
) 
))
(C:\Users\Patrick Chen\AppData\Local\Programs\MiKTeX\tex/latex/listings\listing
s.sty
\lst@mode=\count351
\lst@gtempboxa=\box114
\lst@token=\toks44
\lst@length=\count352
\lst@currlwidth=\dimen258
\lst@column=\count353
\lst@pos=\count354
\lst@lostspace=\dimen259
\lst@width=\dimen260
\lst@newlines=\count355
\lst@lineno=\count356
\lst@maxwidth=\dimen261

(C:\Users\Patrick Chen\AppData\Local\Programs\MiKTeX\tex/latex/listings\lstmisc
.sty
File: lstmisc.sty 2023/02/27 1.9 (Carsten Heinz)
\c@lstnumber=\count357
\lst@skipnumbers=\count358
\lst@framebox=\box115
)
(C:\Users\Patrick Chen\AppData\Local\Programs\MiKTeX\tex/latex/listings\listing
s.cfg
File: listings.cfg 2023/02/27 1.9 listings configuration
))
Package: listings 2023/02/27 1.9 (Carsten Heinz)

(C:\Users\Patrick Chen\AppData\Local\Programs\MiKTeX\tex/latex/pgf/frontendlaye
r\tikz.sty
(C:\Users\Patrick Chen\AppData\Local\Programs\MiKTeX\tex/latex/pgf/basiclayer\p
gf.sty
(C:\Users\Patrick Chen\AppData\Local\Programs\MiKTeX\tex/latex/pgf/utilities\pg
frcs.sty
(C:\Users\Patrick Chen\AppData\Local\Programs\MiKTeX\tex/generic/pgf/utilities\
pgfutil-common.tex
\pgfutil@everybye=\toks45
\pgfutil@tempdima=\dimen262
\pgfutil@tempdimb=\dimen263
)
(C:\Users\Patrick Chen\AppData\Local\Programs\MiKTeX\tex/generic/pgf/utilities\
pgfutil-latex.def
\pgfutil@abb=\box116
)
(C:\Users\Patrick Chen\AppData\Local\Programs\MiKTeX\tex/generic/pgf/utilities\
pgfrcs.code.tex
(C:\Users\Patrick Chen\AppData\Local\Programs\MiKTeX\tex/generic/pgf\pgf.revisi
on.tex)
Package: pgfrcs 2023-01-15 v3.1.10 (3.1.10)
))
Package: pgf 2023-01-15 v3.1.10 (3.1.10)

(C:\Users\Patrick Chen\AppData\Local\Programs\MiKTeX\tex/latex/pgf/basiclayer\p
gfcore.sty
(C:\Users\Patrick Chen\AppData\Local\Programs\MiKTeX\tex/latex/pgf/systemlayer\
pgfsys.sty
(C:\Users\Patrick Chen\AppData\Local\Programs\MiKTeX\tex/generic/pgf/systemlaye
r\pgfsys.code.tex
Package: pgfsys 2023-01-15 v3.1.10 (3.1.10)

(C:\Users\Patrick Chen\AppData\Local\Programs\MiKTeX\tex/generic/pgf/utilities\
pgfkeys.code.tex
\pgfkeys@pathtoks=\toks46
\pgfkeys@temptoks=\toks47

(C:\Users\Patrick Chen\AppData\Local\Programs\MiKTeX\tex/generic/pgf/utilities\
pgfkeyslibraryfiltered.code.tex
\pgfkeys@tmptoks=\toks48
))
\pgf@x=\dimen264
\pgf@y=\dimen265
\pgf@xa=\dimen266
\pgf@ya=\dimen267
\pgf@xb=\dimen268
\pgf@yb=\dimen269
\pgf@xc=\dimen270
\pgf@yc=\dimen271
\pgf@xd=\dimen272
\pgf@yd=\dimen273
\w@pgf@writea=\write5
\r@pgf@reada=\read3
\c@pgf@counta=\count359
\c@pgf@countb=\count360
\c@pgf@countc=\count361
\c@pgf@countd=\count362
\t@pgf@toka=\toks49
\t@pgf@tokb=\toks50
\t@pgf@tokc=\toks51
\pgf@sys@id@count=\count363

(C:\Users\Patrick Chen\AppData\Local\Programs\MiKTeX\tex/generic/pgf/systemlaye
r\pgf.cfg
File: pgf.cfg 2023-01-15 v3.1.10 (3.1.10)
)
Driver file for pgf: pgfsys-pdftex.def

(C:\Users\Patrick Chen\AppData\Local\Programs\MiKTeX\tex/generic/pgf/systemlaye
r\pgfsys-pdftex.def
File: pgfsys-pdftex.def 2023-01-15 v3.1.10 (3.1.10)

(C:\Users\Patrick Chen\AppData\Local\Programs\MiKTeX\tex/generic/pgf/systemlaye
r\pgfsys-common-pdf.def
File: pgfsys-common-pdf.def 2023-01-15 v3.1.10 (3.1.10)
)))
(C:\Users\Patrick Chen\AppData\Local\Programs\MiKTeX\tex/generic/pgf/systemlaye
r\pgfsyssoftpath.code.tex
File: pgfsyssoftpath.code.tex 2023-01-15 v3.1.10 (3.1.10)
\pgfsyssoftpath@smallbuffer@items=\count364
\pgfsyssoftpath@bigbuffer@items=\count365
)
(C:\Users\Patrick Chen\AppData\Local\Programs\MiKTeX\tex/generic/pgf/systemlaye
r\pgfsysprotocol.code.tex
File: pgfsysprotocol.code.tex 2023-01-15 v3.1.10 (3.1.10)
))
(C:\Users\Patrick Chen\AppData\Local\Programs\MiKTeX\tex/generic/pgf/basiclayer
\pgfcore.code.tex
Package: pgfcore 2023-01-15 v3.1.10 (3.1.10)

(C:\Users\Patrick Chen\AppData\Local\Programs\MiKTeX\tex/generic/pgf/math\pgfma
th.code.tex
(C:\Users\Patrick Chen\AppData\Local\Programs\MiKTeX\tex/generic/pgf/math\pgfma
thutil.code.tex)
(C:\Users\Patrick Chen\AppData\Local\Programs\MiKTeX\tex/generic/pgf/math\pgfma
thparser.code.tex
\pgfmath@dimen=\dimen274
\pgfmath@count=\count366
\pgfmath@box=\box117
\pgfmath@toks=\toks52
\pgfmath@stack@operand=\toks53
\pgfmath@stack@operation=\toks54
)
(C:\Users\Patrick Chen\AppData\Local\Programs\MiKTeX\tex/generic/pgf/math\pgfma
thfunctions.code.tex)
(C:\Users\Patrick Chen\AppData\Local\Programs\MiKTeX\tex/generic/pgf/math\pgfma
thfunctions.basic.code.tex)
(C:\Users\Patrick Chen\AppData\Local\Programs\MiKTeX\tex/generic/pgf/math\pgfma
thfunctions.trigonometric.code.tex)
(C:\Users\Patrick Chen\AppData\Local\Programs\MiKTeX\tex/generic/pgf/math\pgfma
thfunctions.random.code.tex)
(C:\Users\Patrick Chen\AppData\Local\Programs\MiKTeX\tex/generic/pgf/math\pgfma
thfunctions.comparison.code.tex)
(C:\Users\Patrick Chen\AppData\Local\Programs\MiKTeX\tex/generic/pgf/math\pgfma
thfunctions.base.code.tex)
(C:\Users\Patrick Chen\AppData\Local\Programs\MiKTeX\tex/generic/pgf/math\pgfma
thfunctions.round.code.tex)
(C:\Users\Patrick Chen\AppData\Local\Programs\MiKTeX\tex/generic/pgf/math\pgfma
thfunctions.misc.code.tex)
(C:\Users\Patrick Chen\AppData\Local\Programs\MiKTeX\tex/generic/pgf/math\pgfma
thfunctions.integerarithmetics.code.tex)
(C:\Users\Patrick Chen\AppData\Local\Programs\MiKTeX\tex/generic/pgf/math\pgfma
thcalc.code.tex)
(C:\Users\Patrick Chen\AppData\Local\Programs\MiKTeX\tex/generic/pgf/math\pgfma
thfloat.code.tex
\c@pgfmathroundto@lastzeros=\count367
))
(C:\Users\Patrick Chen\AppData\Local\Programs\MiKTeX\tex/generic/pgf/math\pgfin
t.code.tex)
(C:\Users\Patrick Chen\AppData\Local\Programs\MiKTeX\tex/generic/pgf/basiclayer
\pgfcorepoints.code.tex
File: pgfcorepoints.code.tex 2023-01-15 v3.1.10 (3.1.10)
\pgf@picminx=\dimen275
\pgf@picmaxx=\dimen276
\pgf@picminy=\dimen277
\pgf@picmaxy=\dimen278
\pgf@pathminx=\dimen279
\pgf@pathmaxx=\dimen280
\pgf@pathminy=\dimen281
\pgf@pathmaxy=\dimen282
\pgf@xx=\dimen283
\pgf@xy=\dimen284
\pgf@yx=\dimen285
\pgf@yy=\dimen286
\pgf@zx=\dimen287
\pgf@zy=\dimen288
)
(C:\Users\Patrick Chen\AppData\Local\Programs\MiKTeX\tex/generic/pgf/basiclayer
\pgfcorepathconstruct.code.tex
File: pgfcorepathconstruct.code.tex 2023-01-15 v3.1.10 (3.1.10)
\pgf@path@lastx=\dimen289
\pgf@path@lasty=\dimen290
)
(C:\Users\Patrick Chen\AppData\Local\Programs\MiKTeX\tex/generic/pgf/basiclayer
\pgfcorepathusage.code.tex
File: pgfcorepathusage.code.tex 2023-01-15 v3.1.10 (3.1.10)
\pgf@shorten@end@additional=\dimen291
\pgf@shorten@start@additional=\dimen292
)
(C:\Users\Patrick Chen\AppData\Local\Programs\MiKTeX\tex/generic/pgf/basiclayer
\pgfcorescopes.code.tex
File: pgfcorescopes.code.tex 2023-01-15 v3.1.10 (3.1.10)
\pgfpic=\box118
\pgf@hbox=\box119
\pgf@layerbox@main=\box120
\pgf@picture@serial@count=\count368
)
(C:\Users\Patrick Chen\AppData\Local\Programs\MiKTeX\tex/generic/pgf/basiclayer
\pgfcoregraphicstate.code.tex
File: pgfcoregraphicstate.code.tex 2023-01-15 v3.1.10 (3.1.10)
\pgflinewidth=\dimen293
)
(C:\Users\Patrick Chen\AppData\Local\Programs\MiKTeX\tex/generic/pgf/basiclayer
\pgfcoretransformations.code.tex
File: pgfcoretransformations.code.tex 2023-01-15 v3.1.10 (3.1.10)
\pgf@pt@x=\dimen294
\pgf@pt@y=\dimen295
\pgf@pt@temp=\dimen296
)
(C:\Users\Patrick Chen\AppData\Local\Programs\MiKTeX\tex/generic/pgf/basiclayer
\pgfcorequick.code.tex
File: pgfcorequick.code.tex 2023-01-15 v3.1.10 (3.1.10)
)
(C:\Users\Patrick Chen\AppData\Local\Programs\MiKTeX\tex/generic/pgf/basiclayer
\pgfcoreobjects.code.tex
File: pgfcoreobjects.code.tex 2023-01-15 v3.1.10 (3.1.10)
)
(C:\Users\Patrick Chen\AppData\Local\Programs\MiKTeX\tex/generic/pgf/basiclayer
\pgfcorepathprocessing.code.tex
File: pgfcorepathprocessing.code.tex 2023-01-15 v3.1.10 (3.1.10)
)
(C:\Users\Patrick Chen\AppData\Local\Programs\MiKTeX\tex/generic/pgf/basiclayer
\pgfcorearrows.code.tex
File: pgfcorearrows.code.tex 2023-01-15 v3.1.10 (3.1.10)
\pgfarrowsep=\dimen297
)
(C:\Users\Patrick Chen\AppData\Local\Programs\MiKTeX\tex/generic/pgf/basiclayer
\pgfcoreshade.code.tex
File: pgfcoreshade.code.tex 2023-01-15 v3.1.10 (3.1.10)
\pgf@max=\dimen298
\pgf@sys@shading@range@num=\count369
\pgf@shadingcount=\count370
)
(C:\Users\Patrick Chen\AppData\Local\Programs\MiKTeX\tex/generic/pgf/basiclayer
\pgfcoreimage.code.tex
File: pgfcoreimage.code.tex 2023-01-15 v3.1.10 (3.1.10)
)
(C:\Users\Patrick Chen\AppData\Local\Programs\MiKTeX\tex/generic/pgf/basiclayer
\pgfcoreexternal.code.tex
File: pgfcoreexternal.code.tex 2023-01-15 v3.1.10 (3.1.10)
\pgfexternal@startupbox=\box121
)
(C:\Users\Patrick Chen\AppData\Local\Programs\MiKTeX\tex/generic/pgf/basiclayer
\pgfcorelayers.code.tex
File: pgfcorelayers.code.tex 2023-01-15 v3.1.10 (3.1.10)
)
(C:\Users\Patrick Chen\AppData\Local\Programs\MiKTeX\tex/generic/pgf/basiclayer
\pgfcoretransparency.code.tex
File: pgfcoretransparency.code.tex 2023-01-15 v3.1.10 (3.1.10)
)
(C:\Users\Patrick Chen\AppData\Local\Programs\MiKTeX\tex/generic/pgf/basiclayer
\pgfcorepatterns.code.tex
File: pgfcorepatterns.code.tex 2023-01-15 v3.1.10 (3.1.10)
)
(C:\Users\Patrick Chen\AppData\Local\Programs\MiKTeX\tex/generic/pgf/basiclayer
\pgfcorerdf.code.tex
File: pgfcorerdf.code.tex 2023-01-15 v3.1.10 (3.1.10)
)))
(C:\Users\Patrick Chen\AppData\Local\Programs\MiKTeX\tex/generic/pgf/modules\pg
fmoduleshapes.code.tex
File: pgfmoduleshapes.code.tex 2023-01-15 v3.1.10 (3.1.10)
\pgfnodeparttextbox=\box122
)
(C:\Users\Patrick Chen\AppData\Local\Programs\MiKTeX\tex/generic/pgf/modules\pg
fmoduleplot.code.tex
File: pgfmoduleplot.code.tex 2023-01-15 v3.1.10 (3.1.10)
)
(C:\Users\Patrick Chen\AppData\Local\Programs\MiKTeX\tex/latex/pgf/compatibilit
y\pgfcomp-version-0-65.sty
Package: pgfcomp-version-0-65 2023-01-15 v3.1.10 (3.1.10)
\pgf@nodesepstart=\dimen299
\pgf@nodesepend=\dimen300
)
(C:\Users\Patrick Chen\AppData\Local\Programs\MiKTeX\tex/latex/pgf/compatibilit
y\pgfcomp-version-1-18.sty
Package: pgfcomp-version-1-18 2023-01-15 v3.1.10 (3.1.10)
))
(C:\Users\Patrick Chen\AppData\Local\Programs\MiKTeX\tex/latex/pgf/utilities\pg
ffor.sty
(C:\Users\Patrick Chen\AppData\Local\Programs\MiKTeX\tex/latex/pgf/utilities\pg
fkeys.sty
(C:\Users\Patrick Chen\AppData\Local\Programs\MiKTeX\tex/generic/pgf/utilities\
pgfkeys.code.tex))
(C:\Users\Patrick Chen\AppData\Local\Programs\MiKTeX\tex/latex/pgf/math\pgfmath
.sty
(C:\Users\Patrick Chen\AppData\Local\Programs\MiKTeX\tex/generic/pgf/math\pgfma
th.code.tex))
(C:\Users\Patrick Chen\AppData\Local\Programs\MiKTeX\tex/generic/pgf/utilities\
pgffor.code.tex
Package: pgffor 2023-01-15 v3.1.10 (3.1.10)
\pgffor@iter=\dimen301
\pgffor@skip=\dimen302
\pgffor@stack=\toks55
\pgffor@toks=\toks56
))
(C:\Users\Patrick Chen\AppData\Local\Programs\MiKTeX\tex/generic/pgf/frontendla
yer/tikz\tikz.code.tex
Package: tikz 2023-01-15 v3.1.10 (3.1.10)

(C:\Users\Patrick Chen\AppData\Local\Programs\MiKTeX\tex/generic/pgf/libraries\
pgflibraryplothandlers.code.tex
File: pgflibraryplothandlers.code.tex 2023-01-15 v3.1.10 (3.1.10)
\pgf@plot@mark@count=\count371
\pgfplotmarksize=\dimen303
)
\tikz@lastx=\dimen304
\tikz@lasty=\dimen305
\tikz@lastxsaved=\dimen306
\tikz@lastysaved=\dimen307
\tikz@lastmovetox=\dimen308
\tikz@lastmovetoy=\dimen309
\tikzleveldistance=\dimen310
\tikzsiblingdistance=\dimen311
\tikz@figbox=\box123
\tikz@figbox@bg=\box124
\tikz@tempbox=\box125
\tikz@tempbox@bg=\box126
\tikztreelevel=\count372
\tikznumberofchildren=\count373
\tikznumberofcurrentchild=\count374
\tikz@fig@count=\count375

(C:\Users\Patrick Chen\AppData\Local\Programs\MiKTeX\tex/generic/pgf/modules\pg
fmodulematrix.code.tex
File: pgfmodulematrix.code.tex 2023-01-15 v3.1.10 (3.1.10)
\pgfmatrixcurrentrow=\count376
\pgfmatrixcurrentcolumn=\count377
\pgf@matrix@numberofcolumns=\count378
)
\tikz@expandcount=\count379

(C:\Users\Patrick Chen\AppData\Local\Programs\MiKTeX\tex/generic/pgf/frontendla
yer/tikz/libraries\tikzlibrarytopaths.code.tex
File: tikzlibrarytopaths.code.tex 2023-01-15 v3.1.10 (3.1.10)
)))
(C:\Users\Patrick Chen\AppData\Local\Programs\MiKTeX\tex/generic/pgf/frontendla
yer/tikz/libraries\tikzlibraryshapes.code.tex
File: tikzlibraryshapes.code.tex 2023-01-15 v3.1.10 (3.1.10)

(C:\Users\Patrick Chen\AppData\Local\Programs\MiKTeX\tex/generic/pgf/frontendla
yer/tikz/libraries\tikzlibraryshapes.geometric.code.tex
File: tikzlibraryshapes.geometric.code.tex 2023-01-15 v3.1.10 (3.1.10)

(C:\Users\Patrick Chen\AppData\Local\Programs\MiKTeX\tex/generic/pgf/libraries/
shapes\pgflibraryshapes.geometric.code.tex
File: pgflibraryshapes.geometric.code.tex 2023-01-15 v3.1.10 (3.1.10)
))
(C:\Users\Patrick Chen\AppData\Local\Programs\MiKTeX\tex/generic/pgf/frontendla
yer/tikz/libraries\tikzlibraryshapes.misc.code.tex
File: tikzlibraryshapes.misc.code.tex 2023-01-15 v3.1.10 (3.1.10)

(C:\Users\Patrick Chen\AppData\Local\Programs\MiKTeX\tex/generic/pgf/libraries/
shapes\pgflibraryshapes.misc.code.tex
File: pgflibraryshapes.misc.code.tex 2023-01-15 v3.1.10 (3.1.10)
))
(C:\Users\Patrick Chen\AppData\Local\Programs\MiKTeX\tex/generic/pgf/frontendla
yer/tikz/libraries\tikzlibraryshapes.symbols.code.tex
File: tikzlibraryshapes.symbols.code.tex 2023-01-15 v3.1.10 (3.1.10)

(C:\Users\Patrick Chen\AppData\Local\Programs\MiKTeX\tex/generic/pgf/libraries/
shapes\pgflibraryshapes.symbols.code.tex
File: pgflibraryshapes.symbols.code.tex 2023-01-15 v3.1.10 (3.1.10)
))
(C:\Users\Patrick Chen\AppData\Local\Programs\MiKTeX\tex/generic/pgf/frontendla
yer/tikz/libraries\tikzlibraryshapes.arrows.code.tex
File: tikzlibraryshapes.arrows.code.tex 2023-01-15 v3.1.10 (3.1.10)

(C:\Users\Patrick Chen\AppData\Local\Programs\MiKTeX\tex/generic/pgf/libraries/
shapes\pgflibraryshapes.arrows.code.tex
File: pgflibraryshapes.arrows.code.tex 2023-01-15 v3.1.10 (3.1.10)
))
(C:\Users\Patrick Chen\AppData\Local\Programs\MiKTeX\tex/generic/pgf/frontendla
yer/tikz/libraries\tikzlibraryshapes.callouts.code.tex
(C:\Users\Patrick Chen\AppData\Local\Programs\MiKTeX\tex/generic/pgf/libraries/
shapes\pgflibraryshapes.callouts.code.tex))
(C:\Users\Patrick Chen\AppData\Local\Programs\MiKTeX\tex/generic/pgf/frontendla
yer/tikz/libraries\tikzlibraryshapes.multipart.code.tex
File: tikzlibraryshapes.multipart.code.tex 2023-01-15 v3.1.10 (3.1.10)

(C:\Users\Patrick Chen\AppData\Local\Programs\MiKTeX\tex/generic/pgf/libraries/
shapes\pgflibraryshapes.multipart.code.tex
File: pgflibraryshapes.multipart.code.tex 2023-01-15 v3.1.10 (3.1.10)
\pgfnodepartlowerbox=\box127
\pgfnodeparttwobox=\box128
\pgfnodepartthreebox=\box129
\pgfnodepartfourbox=\box130
\pgfnodeparttwentybox=\box131
\pgfnodepartnineteenbox=\box132
\pgfnodeparteighteenbox=\box133
\pgfnodepartseventeenbox=\box134
\pgfnodepartsixteenbox=\box135
\pgfnodepartfifteenbox=\box136
\pgfnodepartfourteenbox=\box137
\pgfnodepartthirteenbox=\box138
\pgfnodeparttwelvebox=\box139
\pgfnodepartelevenbox=\box140
\pgfnodeparttenbox=\box141
\pgfnodepartninebox=\box142
\pgfnodeparteightbox=\box143
\pgfnodepartsevenbox=\box144
\pgfnodepartsixbox=\box145
\pgfnodepartfivebox=\box146
)))
(C:\Users\Patrick Chen\AppData\Local\Programs\MiKTeX\tex/generic/pgf/frontendla
yer/tikz/libraries\tikzlibrarydecorations.code.tex
(C:\Users\Patrick Chen\AppData\Local\Programs\MiKTeX\tex/generic/pgf/modules\pg
fmoduledecorations.code.tex
\pgfdecoratedcompleteddistance=\dimen312
\pgfdecoratedremainingdistance=\dimen313
\pgfdecoratedinputsegmentcompleteddistance=\dimen314
\pgfdecoratedinputsegmentremainingdistance=\dimen315
\pgf@decorate@distancetomove=\dimen316
\pgf@decorate@repeatstate=\count380
\pgfdecorationsegmentamplitude=\dimen317
\pgfdecorationsegmentlength=\dimen318
)
\tikz@lib@dec@box=\box147
)
(C:\Users\Patrick Chen\AppData\Local\Programs\MiKTeX\tex/latex/framed\framed.st
y
Package: framed 2011/10/22 v 0.96: framed or shaded text with page breaks
\OuterFrameSep=\skip92
\fb@frw=\dimen319
\fb@frh=\dimen320
\FrameRule=\dimen321
\FrameSep=\dimen322
)
(C:\Users\Patrick Chen\AppData\Local\Programs\MiKTeX\tex/latex/booktabs\booktab
s.sty
Package: booktabs 2020/01/12 v1.61803398 Publication quality tables
\heavyrulewidth=\dimen323
\lightrulewidth=\dimen324
\cmidrulewidth=\dimen325
\belowrulesep=\dimen326
\belowbottomsep=\dimen327
\aboverulesep=\dimen328
\abovetopsep=\dimen329
\cmidrulesep=\dimen330
\cmidrulekern=\dimen331
\defaultaddspace=\dimen332
\@cmidla=\count381
\@cmidlb=\count382
\@aboverulesep=\dimen333
\@belowrulesep=\dimen334
\@thisruleclass=\count383
\@lastruleclass=\count384
\@thisrulewidth=\dimen335
)
(C:\Users\Patrick Chen\AppData\Local\Programs\MiKTeX\tex/latex/cprotect\cprotec
t.sty
Package: cprotect 2011/01/27 v1.0e (Bruno Le Floch)

(C:\Users\Patrick Chen\AppData\Local\Programs\MiKTeX\tex/latex/bigfoot\suffix.s
ty
Package: suffix 2006/07/15 1.5a Variant command support
)
\CPT@WriteOut=\write6
\c@CPT@WriteCount=\count385
\c@CPT@numB=\count386
\CPT@commandatend@toks=\toks57
)
(C:\Users\Patrick Chen\AppData\Local\Programs\MiKTeX\tex/latex/verbatimbox\verb
atimbox.sty
Package: verbatimbox 2023/08/08 v3.2\ Routines for placing verbatim text into b
oxes, useful in places where the verbatim environment is inaccessible. Secondar
ily, for adding vertical buffer around an object.

(C:\Users\Patrick Chen\AppData\Local\Programs\MiKTeX\tex/latex/tools\verbatim.s
ty
Package: verbatim 2023-11-06 v1.5v LaTeX2e package for verbatim enhancements
\every@verbatim=\toks58
\verbatim@line=\toks59
\verbatim@in@stream=\read4
)
(C:\Users\Patrick Chen\AppData\Local\Programs\MiKTeX\tex/latex/readarray\readar
ray.sty
Package: readarray 2021/09/17\ 3.1\ Routines for inputting 2D and 3D array data
 and recalling it on an element-by-element basis.

(C:\Users\Patrick Chen\AppData\Local\Programs\MiKTeX\tex/latex/forloop\forloop.
sty
Package: forloop 2023/05/03 v3.0 For Loops for LaTeX
)
(C:\Users\Patrick Chen\AppData\Local\Programs\MiKTeX\tex/latex/listofitems\list
ofitems.sty
(C:\Users\Patrick Chen\AppData\Local\Programs\MiKTeX\tex/generic/listofitems\li
stofitems.tex
\loi_cnt_foreach_nest=\count387
\loi_nestcnt=\count388
)
Package: listofitems 2024/03/09 v1.65 Grab items in lists using user-specified 
sep char (CT)
)
\c@@index=\count389
\c@@plane=\count390
\c@@row=\count391
\c@@col=\count392
\c@use@args=\count393
\c@@record=\count394
\c@index@count=\count395
\Arg@toks=\toks60
\@arrayident@toks=\toks61
\rdar@file=\read5
\readarrayendlinechar=\count396

readarray: bounds checking OFF
)
\savedverbbox=\box148
\c@VerbboxLineNo=\count397
\boxtopsep=\dimen336
\boxbottomsep=\dimen337
\ps@tempdima=\dimen338
\ps@tempboxa=\box149
\boxtop@sep=\skip93
\boxbottom@sep=\skip94
)
(C:\Users\Patrick Chen\AppData\Local\Programs\MiKTeX\tex/latex/caption\subcapti
on.sty
Package: subcaption 2023/07/28 v1.6b Sub-captions (AR)
Package caption Info: New subtype `subfigure' on input line 238.
\c@subfigure=\count398
Package caption Info: New subtype `subtable' on input line 238.
\c@subtable=\count399
)
(C:\Users\Patrick Chen\AppData\Local\Programs\MiKTeX\tex/latex/mathtools\mathto
ols.sty
Package: mathtools 2024/03/11 v1.30 mathematical typesetting tools

(C:\Users\Patrick Chen\AppData\Local\Programs\MiKTeX\tex/latex/tools\calc.sty
Package: calc 2023/07/08 v4.3 Infix arithmetic (KKT,FJ)
\calc@Acount=\count400
\calc@Bcount=\count401
\calc@Adimen=\dimen339
\calc@Bdimen=\dimen340
\calc@Askip=\skip95
\calc@Bskip=\skip96
LaTeX Info: Redefining \setlength on input line 80.
LaTeX Info: Redefining \addtolength on input line 81.
\calc@Ccount=\count402
\calc@Cskip=\skip97
)
(C:\Users\Patrick Chen\AppData\Local\Programs\MiKTeX\tex/latex/mathtools\mhsetu
p.sty
Package: mhsetup 2021/03/18 v1.4 programming setup (MH)
)
\g_MT_multlinerow_int=\count403
\l_MT_multwidth_dim=\dimen341
\origjot=\skip98
\l_MT_shortvdotswithinadjustabove_dim=\dimen342
\l_MT_shortvdotswithinadjustbelow_dim=\dimen343
\l_MT_above_intertext_sep=\dimen344
\l_MT_below_intertext_sep=\dimen345
\l_MT_above_shortintertext_sep=\dimen346
\l_MT_below_shortintertext_sep=\dimen347
\xmathstrut@box=\box150
\xmathstrut@dim=\dimen348
)
(C:\Users\Patrick Chen\AppData\Local\Programs\MiKTeX\tex/latex/cancel\cancel.st
y
Package: cancel 2013/04/12 v2.2 Cancel math terms
)
(C:\Users\Patrick Chen\AppData\Local\Programs\MiKTeX\tex/latex/tcolorbox\tcolor
box.sty
Package: tcolorbox 2024/01/10 version 6.2.0 text color boxes
\tcb@titlebox=\box151
\tcb@upperbox=\box152
\tcb@lowerbox=\box153
\tcb@phantombox=\box154
\c@tcbbreakpart=\count404
\c@tcblayer=\count405
\c@tcolorbox@number=\count406
\l__tcobox_tmpa_box=\box155
\l__tcobox_tmpa_dim=\dimen349
\tcb@temp=\box156
\tcb@temp=\box157
\tcb@temp=\box158
\tcb@temp=\box159

(C:\Users\Patrick Chen\AppData\Local\Programs\MiKTeX\tex/latex/tcolorbox\tcbras
ter.code.tex
Library (tcolorbox): 'tcbraster.code.tex' version '6.2.0'
\c@tcbrastercolumn=\count407
\c@tcbrasterrow=\count408
\c@tcbrasternum=\count409
\c@tcbraster=\count410
)
(C:\Users\Patrick Chen\AppData\Local\Programs\MiKTeX\tex/latex/tcolorbox\tcbski
ns.code.tex
Library (tcolorbox): 'tcbskins.code.tex' version '6.2.0'

(C:\Users\Patrick Chen\AppData\Local\Programs\MiKTeX\tex/latex/tikzfill\tikzfil
l.image.sty
Package: tikzfill.image 2023/08/08 v1.0.1 Image filling library for TikZ

(C:\Users\Patrick Chen\AppData\Local\Programs\MiKTeX\tex/latex/tikzfill\tikzfil
l-common.sty
Package: tikzfill-common 2023/08/08 v1.0.1 Auxiliary code for tikzfill
)
(C:\Users\Patrick Chen\AppData\Local\Programs\MiKTeX\tex/latex/tikzfill\tikzlib
raryfill.image.code.tex
File: tikzlibraryfill.image.code.tex 2023/08/08 v1.0.1 Image filling library
\l__tikzfill_img_box=\box160
))
(C:\Users\Patrick Chen\AppData\Local\Programs\MiKTeX\tex/latex/tcolorbox\tcbski
nsjigsaw.code.tex
Library (tcolorbox): 'tcbskinsjigsaw.code.tex' version '6.2.0'
))
(C:\Users\Patrick Chen\AppData\Local\Programs\MiKTeX\tex/latex/tcolorbox\tcbbre
akable.code.tex
Library (tcolorbox): 'tcbbreakable.code.tex' version '6.2.0'

(C:\Users\Patrick Chen\AppData\Local\Programs\MiKTeX\tex/latex/pdfcol\pdfcol.st
y
Package: pdfcol 2022-09-21 v1.7 Handle new color stacks for pdfTeX (HO)
)
Package pdfcol Info: New color stack `tcb@breakable' = 1 on input line 23.
\tcb@testbox=\box161
\tcb@totalupperbox=\box162
\tcb@totallowerbox=\box163
)
(C:\Users\Patrick Chen\AppData\Local\Programs\MiKTeX\tex/latex/tcolorbox\tcbhoo
ks.code.tex
Library (tcolorbox): 'tcbhooks.code.tex' version '6.2.0'
)
(C:\Users\Patrick Chen\AppData\Local\Programs\MiKTeX\tex/latex/tcolorbox\tcbthe
orems.code.tex
Library (tcolorbox): 'tcbtheorems.code.tex' version '6.2.0'
)
(C:\Users\Patrick Chen\AppData\Local\Programs\MiKTeX\tex/latex/tcolorbox\tcbfit
ting.code.tex
Library (tcolorbox): 'tcbfitting.code.tex' version '6.2.0'
\tcbfitdim=\dimen350
\tcb@lowerfitdim=\dimen351
\tcb@upperfitdim=\dimen352
\tcb@cur@hbadness=\count411
))
(C:\Users\Patrick Chen\AppData\Local\Programs\MiKTeX\tex/latex/sectsty\sectsty.
sty
Package: sectsty 2002/02/25 v2.0.2 Commands to change all sectional heading sty
les


LaTeX Warning: Command \underbar  has changed.
               Check if current package is valid.


LaTeX Warning: Command \underline  has changed.
               Check if current package is valid.

) (C:\Users\Patrick Chen\AppData\Local\Programs\MiKTeX\tex/latex/tools\bm.sty
Package: bm 2023/07/08 v1.2f Bold Symbol Support (DPC/FMi)
\symboldoperators=\mathgroup6
\symboldletters=\mathgroup7
\symboldsymbols=\mathgroup8
Package bm Info: No bold for \OMX/cmex/m/n, using \pmb.
Package bm Info: No bold for \U/msa/m/n, using \pmb.
Package bm Info: No bold for \U/msb/m/n, using \pmb.
LaTeX Font Info:    Redeclaring math alphabet \mathbf on input line 149.
)
(C:\Users\Patrick Chen\AppData\Local\Programs\MiKTeX\tex/latex/units\nicefrac.s
ty
Package: nicefrac 1998/08/04 v0.9b Nice fractions
\L@UnitsRaiseDisplaystyle=\skip99
\L@UnitsRaiseTextstyle=\skip100
\L@UnitsRaiseScriptstyle=\skip101
) (common.tex
(C:\Users\Patrick Chen\AppData\Local\Programs\MiKTeX\tex/latex/tools\xspace.sty
Package: xspace 2014/10/28 v1.13 Space after command names (DPC,MH)
))

LaTeX Warning: \include should only be used after \begin{document} on input lin
e 66.

(definitions.tex)
LaTeX Font Info:    Trying to load font information for OT1+ptm on input line 1
51.

(C:\Users\Patrick Chen\AppData\Local\Programs\MiKTeX\tex/latex/psnfss\ot1ptm.fd
File: ot1ptm.fd 2001/06/04 font definitions for OT1/ptm.
) (main.aux)
\openout1 = `main.aux'.

LaTeX Font Info:    Checking defaults for OML/cmm/m/it on input line 151.
LaTeX Font Info:    ... okay on input line 151.
LaTeX Font Info:    Checking defaults for OMS/cmsy/m/n on input line 151.
LaTeX Font Info:    ... okay on input line 151.
LaTeX Font Info:    Checking defaults for OT1/cmr/m/n on input line 151.
LaTeX Font Info:    ... okay on input line 151.
LaTeX Font Info:    Checking defaults for T1/cmr/m/n on input line 151.
LaTeX Font Info:    ... okay on input line 151.
LaTeX Font Info:    Checking defaults for TS1/cmr/m/n on input line 151.
LaTeX Font Info:    ... okay on input line 151.
LaTeX Font Info:    Checking defaults for OMX/cmex/m/n on input line 151.
LaTeX Font Info:    ... okay on input line 151.
LaTeX Font Info:    Checking defaults for U/cmr/m/n on input line 151.
LaTeX Font Info:    ... okay on input line 151.
LaTeX Font Info:    Checking defaults for PD1/pdf/m/n on input line 151.
LaTeX Font Info:    ... okay on input line 151.
LaTeX Font Info:    Checking defaults for PU/pdf/m/n on input line 151.
LaTeX Font Info:    ... okay on input line 151.

*geometry* driver: auto-detecting
*geometry* detected driver: pdftex
*geometry* verbose mode - [ preamble ] result:
* driver: pdftex
* paper: <default>
* layout: <same size as paper>
* layoutoffset:(h,v)=(0.0pt,0.0pt)
* modes: 
* h-part:(L,W,R)=(72.26999pt, 469.75502pt, 72.26999pt)
* v-part:(T,H,B)=(72.26999pt, 650.43001pt, 72.26999pt)
* \paperwidth=614.295pt
* \paperheight=794.96999pt
* \textwidth=469.75502pt
* \textheight=650.43001pt
* \oddsidemargin=0.0pt
* \evensidemargin=0.0pt
* \topmargin=-37.0pt
* \headheight=12.0pt
* \headsep=25.0pt
* \topskip=11.0pt
* \footskip=30.0pt
* \marginparwidth=59.0pt
* \marginparsep=10.0pt
* \columnsep=10.0pt
* \skip\footins=10.0pt plus 4.0pt minus 2.0pt
* \hoffset=0.0pt
* \voffset=0.0pt
* \mag=1000
* \@twocolumnfalse
* \@twosidefalse
* \@mparswitchfalse
* \@reversemarginfalse
* (1in=72.27pt=25.4mm, 1cm=28.453pt)


(C:\Users\Patrick Chen\AppData\Local\Programs\MiKTeX\tex/context/base/mkii\supp
-pdf.mkii
[Loading MPS to PDF converter (version 2006.09.02).]
\scratchcounter=\count412
\scratchdimen=\dimen353
\scratchbox=\box164
\nofMPsegments=\count413
\nofMParguments=\count414
\everyMPshowfont=\toks62
\MPscratchCnt=\count415
\MPscratchDim=\dimen354
\MPnumerator=\count416
\makeMPintoPDFobject=\count417
\everyMPtoPDFconversion=\toks63
)
Package caption Info: Begin \AtBeginDocument code.
Package caption Info: hyperref package is loaded.
Package caption Info: listings package is loaded.
Package caption Info: End \AtBeginDocument code.
Package hyperref Info: Link coloring ON on input line 151.
 (main.out) (main.out)
\@outlinefile=\write7
\openout7 = `main.out'.


(C:\Users\Patrick Chen\AppData\Local\Programs\MiKTeX\tex/latex/fmtcount\fc-engl
ish.def
File: fc-english.def 2016/01/12
)
\c@lstlisting=\count418
LaTeX Font Info:    Trying to load font information for U+msa on input line 153
.

(C:\Users\Patrick Chen\AppData\Local\Programs\MiKTeX\tex/latex/amsfonts\umsa.fd
File: umsa.fd 2013/01/14 v3.01 AMS symbols A
)
LaTeX Font Info:    Trying to load font information for U+msb on input line 153
.

(C:\Users\Patrick Chen\AppData\Local\Programs\MiKTeX\tex/latex/amsfonts\umsb.fd
File: umsb.fd 2013/01/14 v3.01 AMS symbols B
)
LaTeX Font Info:    Trying to load font information for OT1+pcr on input line 1
53.

(C:\Users\Patrick Chen\AppData\Local\Programs\MiKTeX\tex/latex/psnfss\ot1pcr.fd
File: ot1pcr.fd 2001/06/04 font definitions for OT1/pcr.
)
LaTeX Font Info:    Trying to load font information for TS1+ptm on input line 1
58.

(C:\Users\Patrick Chen\AppData\Local\Programs\MiKTeX\tex/latex/psnfss\ts1ptm.fd
File: ts1ptm.fd 2001/06/04 font definitions for TS1/ptm.
)

Package fancyhdr Warning: \headheight is too small (12.0pt): 
(fancyhdr)                Make it at least 13.59999pt, for example:
(fancyhdr)                \setlength{\headheight}{13.59999pt}.
(fancyhdr)                You might also make \topmargin smaller to compensate:

(fancyhdr)                \addtolength{\topmargin}{-1.59999pt}.

[1

{C:/Users/Patrick Chen/AppData/Local/MiKTeX/fonts/map/pdftex/pdftex.map}{C:/Use
rs/Patrick Chen/AppData/Local/Programs/MiKTeX/fonts/enc/dvips/base/8r.enc}]
(part1_theory.tex
<images/drawing-1.pdf, id=71, 723.86304pt x 229.16577pt>
File: images/drawing-1.pdf Graphic file (type pdf)
<use images/drawing-1.pdf>
Package pdftex.def Info: images/drawing-1.pdf  used on input line 10.
(pdftex.def)             Requested size: 352.31625pt x 111.54039pt.


Package fancyhdr Warning: \headheight is too small (12.0pt): 
(fancyhdr)                Make it at least 13.59999pt, for example:
(fancyhdr)                \setlength{\headheight}{13.59999pt}.
(fancyhdr)                You might also make \topmargin smaller to compensate:

(fancyhdr)                \addtolength{\topmargin}{-1.59999pt}.

[2

 <./images/drawing-1.pdf>]
<images/F_E.png, id=106, 443.6575pt x 314.17375pt>
File: images/F_E.png Graphic file (type png)
<use images/F_E.png>
Package pdftex.def Info: images/F_E.png  used on input line 49.
(pdftex.def)             Requested size: 352.31625pt x 249.48889pt.
)
Underfull \hbox (badness 10000) in paragraph at lines 71--186

 []


Package fancyhdr Warning: \headheight is too small (12.0pt): 
(fancyhdr)                Make it at least 13.59999pt, for example:
(fancyhdr)                \setlength{\headheight}{13.59999pt}.
(fancyhdr)                You might also make \topmargin smaller to compensate:

(fancyhdr)                \addtolength{\topmargin}{-1.59999pt}.

[3 <./images/F_E.png>]

Package fancyhdr Warning: \headheight is too small (12.0pt): 
(fancyhdr)                Make it at least 13.59999pt, for example:
(fancyhdr)                \setlength{\headheight}{13.59999pt}.
(fancyhdr)                You might also make \topmargin smaller to compensate:

(fancyhdr)                \addtolength{\topmargin}{-1.59999pt}.

[4] (part2-1_overview.tex) (part2-2_fundamental_matrix_estimation.tex
<images/im1.png, id=137, 642.4pt x 481.8pt>
File: images/im1.png Graphic file (type png)
<use images/im1.png>
Package pdftex.def Info: images/im1.png  used on input line 7.
(pdftex.def)             Requested size: 164.41711pt x 123.3095pt.
<images/im2.png, id=138, 642.4pt x 481.8pt>
File: images/im2.png Graphic file (type png)
<use images/im2.png>
Package pdftex.def Info: images/im2.png  used on input line 8.
(pdftex.def)             Requested size: 164.41711pt x 123.3095pt.
<images/q1_3_epi.png, id=140, 964.60374pt x 389.455pt>
File: images/q1_3_epi.png Graphic file (type png)
<use images/q1_3_epi.png>
Package pdftex.def Info: images/q1_3_epi.png  used on input line 22.
(pdftex.def)             Requested size: 375.80544pt x 151.72638pt.


Package fancyhdr Warning: \headheight is too small (12.0pt): 
(fancyhdr)                Make it at least 13.59999pt, for example:
(fancyhdr)                \setlength{\headheight}{13.59999pt}.
(fancyhdr)                You might also make \topmargin smaller to compensate:

(fancyhdr)                \addtolength{\topmargin}{-1.59999pt}.

[5 <./images/im1.png (PNG copy)> <./images/im2.png (PNG copy)>]
Overfull \hbox (19.44965pt too wide) in paragraph at lines 40--42
[]\OT1/ptm/m/n/10.95 To vi-su-al-ize the cor-rect-ness of your es-ti-mated $\OT
1/cmr/bx/n/10.95 F$\OT1/ptm/m/n/10.95 , use the func-tion \OT1/pcr/m/n/10.95 di
splayEpipolarF \OT1/ptm/m/n/10.95 in \OT1/pcr/m/n/10.95 helper.py\OT1/ptm/m/n/1
0.95 ,
 []


Underfull \hbox (badness 10000) in paragraph at lines 58--60

 []


Underfull \hbox (badness 10000) in paragraph at lines 61--67

 []

<../Q2_1_result.png, id=152, 764.8575pt x 318.43968pt>
File: ../Q2_1_result.png Graphic file (type png)
<use ../Q2_1_result.png>
Package pdftex.def Info: ../Q2_1_result.png  used on input line 74.
(pdftex.def)             Requested size: 438.45917pt x 170.99763pt.

Underfull \hbox (badness 10000) in paragraph at lines 68--80

 []

<../Q2_1_cns1.png, id=156, 676.02562pt x 710.655pt>
File: ../Q2_1_cns1.png Graphic file (type png)
<use ../Q2_1_cns1.png>
Package pdftex.def Info: ../Q2_1_cns1.png  used on input line 85.
(pdftex.def)             Requested size: 210.45752pt x 221.23332pt.
<../Q2_1_cns2.png, id=158, 469.00218pt x 819.06pt>
File: ../Q2_1_cns2.png Graphic file (type png)
<use ../Q2_1_cns2.png>
Package pdftex.def Info: ../Q2_1_cns2.png  used on input line 93.
(pdftex.def)             Requested size: 210.45505pt x 300.96031pt.

Package fancyhdr Warning: \headheight is too small (12.0pt): 
(fancyhdr)                Make it at least 13.59999pt, for example:
(fancyhdr)                \setlength{\headheight}{13.59999pt}.
(fancyhdr)                You might also make \topmargin smaller to compensate:

(fancyhdr)                \addtolength{\topmargin}{-1.59999pt}.

[6 <./images/q1_3_epi.png>]
Overfull \vbox (15.17383pt too high) has occurred while \output is active []



Package fancyhdr Warning: \headheight is too small (12.0pt): 
(fancyhdr)                Make it at least 13.59999pt, for example:
(fancyhdr)                \setlength{\headheight}{13.59999pt}.
(fancyhdr)                You might also make \topmargin smaller to compensate:

(fancyhdr)                \addtolength{\topmargin}{-1.59999pt}.

[7 <../Q2_1_result.png> <../Q2_1_cns1.png> <../Q2_1_cns2.png>]
Underfull \hbox (badness 10000) in paragraph at lines 127--129

 []


Underfull \hbox (badness 10000) in paragraph at lines 130--136

 []

<../Q2_2_result.png, id=181, 730.22812pt x 290.58563pt>
File: ../Q2_2_result.png Graphic file (type png)
<use ../Q2_2_result.png>
Package pdftex.def Info: ../Q2_2_result.png  used on input line 143.
(pdftex.def)             Requested size: 438.45708pt x 174.47687pt.

Underfull \hbox (badness 10000) in paragraph at lines 137--149

 []


Underfull \hbox (badness 10000) in paragraph at lines 150--152

 []

<../Q2_2_cns1.png, id=187, 720.44156pt x 960.58875pt>
File: ../Q2_2_cns1.png Graphic file (type png)
<use ../Q2_2_cns1.png>
Package pdftex.def Info: ../Q2_2_cns1.png  used on input line 156.
(pdftex.def)             Requested size: 210.45752pt x 280.60097pt.
<../Q2_2_cns2.png, id=189, 733.99219pt x 336.50719pt>
File: ../Q2_2_cns2.png Graphic file (type png)
<use ../Q2_2_cns2.png>
Package pdftex.def Info: ../Q2_2_cns2.png  used on input line 164.
(pdftex.def)             Requested size: 210.45752pt x 96.48575pt.

Underfull \hbox (badness 10000) in paragraph at lines 154--170

 []


Package fancyhdr Warning: \headheight is too small (12.0pt): 
(fancyhdr)                Make it at least 13.59999pt, for example:
(fancyhdr)                \setlength{\headheight}{13.59999pt}.
(fancyhdr)                You might also make \topmargin smaller to compensate:

(fancyhdr)                \addtolength{\topmargin}{-1.59999pt}.

[8]
Overfull \vbox (9.48337pt too high) has occurred while \output is active []



Package fancyhdr Warning: \headheight is too small (12.0pt): 
(fancyhdr)                Make it at least 13.59999pt, for example:
(fancyhdr)                \setlength{\headheight}{13.59999pt}.
(fancyhdr)                You might also make \topmargin smaller to compensate:

(fancyhdr)                \addtolength{\topmargin}{-1.59999pt}.

[9 <../Q2_2_result.png> <../Q2_2_cns1.png> <../Q2_2_cns2.png>]
<../Q2_2_cns3.png, id=210, 483.30562pt x 400.49625pt>
File: ../Q2_2_cns3.png Graphic file (type png)
<use ../Q2_2_cns3.png>
Package pdftex.def Info: ../Q2_2_cns3.png  used on input line 175.
(pdftex.def)             Requested size: 210.45752pt x 174.3978pt.
<../Q2_2_cns4.png, id=212, 414.04688pt x 453.94594pt>
File: ../Q2_2_cns4.png Graphic file (type png)
<use ../Q2_2_cns4.png>
Package pdftex.def Info: ../Q2_2_cns4.png  used on input line 183.
(pdftex.def)             Requested size: 210.45752pt x 230.7405pt.
)
Underfull \hbox (badness 10000) in paragraph at lines 188--189

 []


Package fancyhdr Warning: \headheight is too small (12.0pt): 
(fancyhdr)                Make it at least 13.59999pt, for example:
(fancyhdr)                \setlength{\headheight}{13.59999pt}.
(fancyhdr)                You might also make \topmargin smaller to compensate:

(fancyhdr)                \addtolength{\topmargin}{-1.59999pt}.

[10 <../Q2_2_cns3.png> <../Q2_2_cns4.png>] (part2-3_metric_reconstruction.tex
Underfull \hbox (badness 10000) in paragraph at lines 22--24

 []


Underfull \hbox (badness 10000) in paragraph at lines 25--31

 []


Underfull \hbox (badness 10000) in paragraph at lines 32--34

 []

<../Q3_1_cns.png, id=222, 685.05937pt x 659.46375pt>
File: ../Q3_1_cns.png Graphic file (type png)
<use ../Q3_1_cns.png>
Package pdftex.def Info: ../Q3_1_cns.png  used on input line 46.
(pdftex.def)             Requested size: 219.22853pt x 211.0327pt.

Underfull \hbox (badness 10000) in paragraph at lines 55--56

 []


Package fancyhdr Warning: \headheight is too small (12.0pt): 
(fancyhdr)                Make it at least 13.59999pt, for example:
(fancyhdr)                \setlength{\headheight}{13.59999pt}.
(fancyhdr)                You might also make \topmargin smaller to compensate:

(fancyhdr)                \addtolength{\topmargin}{-1.59999pt}.

[11 <../Q3_1_cns.png>]
Underfull \hbox (badness 10000) in paragraph at lines 136--138

 []


Underfull \hbox (badness 10000) in paragraph at lines 149--151

 []

<../Q3_2_cns.png, id=233, 788.9475pt x 930.47626pt>
File: ../Q3_2_cns.png Graphic file (type png)
<use ../Q3_2_cns.png>
Package pdftex.def Info: ../Q3_2_cns.png  used on input line 155.
(pdftex.def)             Requested size: 306.91861pt x 361.97562pt.

Package fancyhdr Warning: \headheight is too small (12.0pt): 
(fancyhdr)                Make it at least 13.59999pt, for example:
(fancyhdr)                \setlength{\headheight}{13.59999pt}.
(fancyhdr)                You might also make \topmargin smaller to compensate:

(fancyhdr)                \addtolength{\topmargin}{-1.59999pt}.

[12]

Package fancyhdr Warning: \headheight is too small (12.0pt): 
(fancyhdr)                Make it at least 13.59999pt, for example:
(fancyhdr)                \setlength{\headheight}{13.59999pt}.
(fancyhdr)                You might also make \topmargin smaller to compensate:

(fancyhdr)                \addtolength{\topmargin}{-1.59999pt}.

[13]
Underfull \hbox (badness 10000) in paragraph at lines 173--175

 []

<../Q3_3_cns.png, id=254, 718.93594pt x 776.9025pt>
File: ../Q3_3_cns.png Graphic file (type png)
<use ../Q3_3_cns.png>
Package pdftex.def Info: ../Q3_3_cns.png  used on input line 179.
(pdftex.def)             Requested size: 306.91861pt x 331.66693pt.
)

Package fancyhdr Warning: \headheight is too small (12.0pt): 
(fancyhdr)                Make it at least 13.59999pt, for example:
(fancyhdr)                \setlength{\headheight}{13.59999pt}.
(fancyhdr)                You might also make \topmargin smaller to compensate:

(fancyhdr)                \addtolength{\topmargin}{-1.59999pt}.

[14 <../Q3_2_cns.png>]

Package fancyhdr Warning: \headheight is too small (12.0pt): 
(fancyhdr)                Make it at least 13.59999pt, for example:
(fancyhdr)                \setlength{\headheight}{13.59999pt}.
(fancyhdr)                You might also make \topmargin smaller to compensate:

(fancyhdr)                \addtolength{\topmargin}{-1.59999pt}.

[15 <../Q3_3_cns.png>] (part2-4_3D_visualization.tex
<images/q3gui_disp_arun.png, id=272, 956.57375pt x 385.44pt>
File: images/q3gui_disp_arun.png Graphic file (type png)
<use images/q3gui_disp_arun.png>
Package pdftex.def Info: images/q3gui_disp_arun.png  used on input line 25.
(pdftex.def)             Requested size: 375.80544pt x 151.42668pt.

Underfull \hbox (badness 10000) in paragraph at lines 27--27
[]\OT1/ptm/m/n/10.95 Figure 16: |\OT1/pcr/m/n/10.95 epipolarMatchGUI \OT1/ptm/m
/n/10.95 shows the cor-re-spond-ing point found by call-ing
 []


Overfull \hbox (29.08093pt too wide) in paragraph at lines 22--30
\OT1/ptm/m/n/10.95 To help you test your \OT1/pcr/m/n/10.95 epipolarCorresponde
nce\OT1/ptm/m/n/10.95 , we have in-cluded a helper func-tion \OT1/pcr/m/n/10.95
 epipolarMatchGUI
 []


Package fancyhdr Warning: \headheight is too small (12.0pt): 
(fancyhdr)                Make it at least 13.59999pt, for example:
(fancyhdr)                \setlength{\headheight}{13.59999pt}.
(fancyhdr)                You might also make \topmargin smaller to compensate:

(fancyhdr)                \addtolength{\topmargin}{-1.59999pt}.

[16 <./images/q3gui_disp_arun.png>]
<../Q4_1_result.png, id=283, 754.31813pt x 306.39468pt>
File: ../Q4_1_result.png Graphic file (type png)
<use ../Q4_1_result.png>
Package pdftex.def Info: ../Q4_1_result.png  used on input line 48.
(pdftex.def)             Requested size: 438.44864pt x 170.99545pt.


Package fancyhdr Warning: \headheight is too small (12.0pt): 
(fancyhdr)                Make it at least 13.59999pt, for example:
(fancyhdr)                \setlength{\headheight}{13.59999pt}.
(fancyhdr)                You might also make \topmargin smaller to compensate:

(fancyhdr)                \addtolength{\topmargin}{-1.59999pt}.

[17 <../Q4_1_result.png>]
Underfull \hbox (badness 10000) in paragraph at lines 56--58

 []

<../Q4_1_cns.png, id=293, 819.06pt x 872.50969pt>
File: ../Q4_1_cns.png Graphic file (type png)
<use ../Q4_1_cns.png>
Package pdftex.def Info: ../Q4_1_cns.png  used on input line 62.
(pdftex.def)             Requested size: 438.46147pt x 526.14592pt.

Package fancyhdr Warning: \headheight is too small (12.0pt): 
(fancyhdr)                Make it at least 13.59999pt, for example:
(fancyhdr)                \setlength{\headheight}{13.59999pt}.
(fancyhdr)                You might also make \topmargin smaller to compensate:

(fancyhdr)                \addtolength{\topmargin}{-1.59999pt}.

[18 <../Q4_1_cns.png>]
<images/q3a.png, id=304, 702.625pt x 451.6875pt>
File: images/q3a.png Graphic file (type png)
<use images/q3a.png>
Package pdftex.def Info: images/q3a.png  used on input line 75.
(pdftex.def)             Requested size: 187.89914pt x 120.79247pt.
<images/q3b.png, id=305, 702.625pt x 451.6875pt>
File: images/q3b.png Graphic file (type png)
<use images/q3b.png>
Package pdftex.def Info: images/q3b.png  used on input line 76.
(pdftex.def)             Requested size: 187.89914pt x 120.79247pt.
<images/q3c.png, id=306, 702.625pt x 451.6875pt>
File: images/q3c.png Graphic file (type png)
<use images/q3c.png>
Package pdftex.def Info: images/q3c.png  used on input line 77.
(pdftex.def)             Requested size: 187.89914pt x 120.79247pt.
<images/q3d.png, id=307, 702.625pt x 451.6875pt>
File: images/q3d.png Graphic file (type png)
<use images/q3d.png>
Package pdftex.def Info: images/q3d.png  used on input line 78.
(pdftex.def)             Requested size: 187.89914pt x 120.79247pt.

Underfull \hbox (badness 10000) in paragraph at lines 94--96

 []

<../Q4_2_sh1.png, id=312, 447.17062pt x 322.20375pt>
File: ../Q4_2_sh1.png Graphic file (type png)
<use ../Q4_2_sh1.png>
Package pdftex.def Info: ../Q4_2_sh1.png  used on input line 99.
(pdftex.def)             Requested size: 241.15273pt x 173.76128pt.
<../Q4_2_sh2.png, id=314, 382.42876pt x 322.95656pt>
File: ../Q4_2_sh2.png Graphic file (type png)
<use ../Q4_2_sh2.png>
Package pdftex.def Info: ../Q4_2_sh2.png  used on input line 107.
(pdftex.def)             Requested size: 197.30434pt x 166.62262pt.
<../Q4_2_sh3.png, id=316, 320.69812pt x 286.82156pt>
File: ../Q4_2_sh3.png Graphic file (type png)
<use ../Q4_2_sh3.png>
Package pdftex.def Info: ../Q4_2_sh3.png  used on input line 115.
(pdftex.def)             Requested size: 197.30434pt x 176.46642pt.
<../Q4_2_sh4.png, id=318, 371.88937pt x 285.31593pt>
File: ../Q4_2_sh4.png Graphic file (type png)
<use ../Q4_2_sh4.png>
Package pdftex.def Info: ../Q4_2_sh4.png  used on input line 123.
(pdftex.def)             Requested size: 241.15273pt x 185.01779pt.

Overfull \hbox (2.08049pt too wide) in paragraph at lines 97--128
[]$[]$  $[]$ 
 []


Overfull \hbox (2.08049pt too wide) in paragraph at lines 97--128
[]$  $[]$ 
 []


Package fancyhdr Warning: \headheight is too small (12.0pt): 
(fancyhdr)                Make it at least 13.59999pt, for example:
(fancyhdr)                \setlength{\headheight}{13.59999pt}.
(fancyhdr)                You might also make \topmargin smaller to compensate:

(fancyhdr)                \addtolength{\topmargin}{-1.59999pt}.

[19 <./images/q3a.png> <./images/q3b.png> <./images/q3c.png> <./images/q3d.png>
]

Package fancyhdr Warning: \headheight is too small (12.0pt): 
(fancyhdr)                Make it at least 13.59999pt, for example:
(fancyhdr)                \setlength{\headheight}{13.59999pt}.
(fancyhdr)                You might also make \topmargin smaller to compensate:

(fancyhdr)                \addtolength{\topmargin}{-1.59999pt}.

[20 <../Q4_2_sh1.png> <../Q4_2_sh2.png> <../Q4_2_sh3.png> <../Q4_2_sh4.png>]
Underfull \hbox (badness 4726) in paragraph at lines 131--133
[]\OT1/ptm/m/n/10.95 The fol-low-ing [][]Fig-ure 24[][][] shows the code snip-p
et of the com-pute3D[]pts() func-tion in
 []


Underfull \hbox (badness 10000) in paragraph at lines 131--133

 []

<../Q4_2_cns.png, id=345, 866.48718pt x 776.9025pt>
File: ../Q4_2_cns.png Graphic file (type png)
<use ../Q4_2_cns.png>
Package pdftex.def Info: ../Q4_2_cns.png  used on input line 137.
(pdftex.def)             Requested size: 438.46503pt x 438.46469pt.
)
Underfull \hbox (badness 10000) in paragraph at lines 142--193

 []


Package fancyhdr Warning: \headheight is too small (12.0pt): 
(fancyhdr)                Make it at least 13.59999pt, for example:
(fancyhdr)                \setlength{\headheight}{13.59999pt}.
(fancyhdr)                You might also make \topmargin smaller to compensate:

(fancyhdr)                \addtolength{\topmargin}{-1.59999pt}.

[21 <../Q4_2_cns.png>] (part2-5_bundle_adjustment.tex
Underfull \hbox (badness 10000) in paragraph at lines 34--36

 []

<../Q5_1_ransac_seven_result.png, id=358, 721.94719pt x 280.79906pt>
File: ../Q5_1_ransac_seven_result.png Graphic file (type png)
<use ../Q5_1_ransac_seven_result.png>
Package pdftex.def Info: ../Q5_1_ransac_seven_result.png  used on input line 39
.
(pdftex.def)             Requested size: 438.45934pt x 170.99582pt.

Underfull \hbox (badness 10000) in paragraph at lines 37--45

 []


Underfull \hbox (badness 10000) in paragraph at lines 46--48

 []

<../Q5_1_eight_result.png, id=361, 744.53156pt x 301.125pt>
File: ../Q5_1_eight_result.png Graphic file (type png)
<use ../Q5_1_eight_result.png>
Package pdftex.def Info: ../Q5_1_eight_result.png  used on input line 51.
(pdftex.def)             Requested size: 438.47456pt x 171.00435pt.

Underfull \hbox (badness 10000) in paragraph at lines 49--57

 []


Package fancyhdr Warning: \headheight is too small (12.0pt): 
(fancyhdr)                Make it at least 13.59999pt, for example:
(fancyhdr)                \setlength{\headheight}{13.59999pt}.
(fancyhdr)                You might also make \topmargin smaller to compensate:

(fancyhdr)                \addtolength{\topmargin}{-1.59999pt}.

[22]

Package fancyhdr Warning: \headheight is too small (12.0pt): 
(fancyhdr)                Make it at least 13.59999pt, for example:
(fancyhdr)                \setlength{\headheight}{13.59999pt}.
(fancyhdr)                You might also make \topmargin smaller to compensate:

(fancyhdr)                \addtolength{\topmargin}{-1.59999pt}.

[23 <../Q5_1_ransac_seven_result.png> <../Q5_1_eight_result.png>]
Underfull \hbox (badness 10000) in paragraph at lines 64--66

 []

<../Q5_1_ransac_seven_tol_0.5_result.png, id=379, 746.79pt x 309.40594pt>
File: ../Q5_1_ransac_seven_tol_0.5_result.png Graphic file (type png)
<use ../Q5_1_ransac_seven_tol_0.5_result.png>
Package pdftex.def Info: ../Q5_1_ransac_seven_tol_0.5_result.png  used on input
 line 69.
(pdftex.def)             Requested size: 438.45999pt x 171.00471pt.
<../Q5_1_ransac_seven_tol_1_result.png, id=381, 746.79pt x 295.85532pt>
File: ../Q5_1_ransac_seven_tol_1_result.png Graphic file (type png)
<use ../Q5_1_ransac_seven_tol_1_result.png>
Package pdftex.def Info: ../Q5_1_ransac_seven_tol_1_result.png  used on input l
ine 77.
(pdftex.def)             Requested size: 438.45999pt x 171.00029pt.
<../Q5_1_ransac_seven_tol_4_result.png, id=383, 742.27313pt x 281.55188pt>
File: ../Q5_1_ransac_seven_tol_4_result.png Graphic file (type png)
<use ../Q5_1_ransac_seven_tol_4_result.png>
Package pdftex.def Info: ../Q5_1_ransac_seven_tol_4_result.png  used on input l
ine 85.
(pdftex.def)             Requested size: 438.45836pt x 170.99886pt.

Package fancyhdr Warning: \headheight is too small (12.0pt): 
(fancyhdr)                Make it at least 13.59999pt, for example:
(fancyhdr)                \setlength{\headheight}{13.59999pt}.
(fancyhdr)                You might also make \topmargin smaller to compensate:

(fancyhdr)                \addtolength{\topmargin}{-1.59999pt}.

[24 <../Q5_1_ransac_seven_tol_0.5_result.png> <../Q5_1_ransac_seven_tol_1_resul
t.png> <../Q5_1_ransac_seven_tol_4_result.png>]
<../Q5_1_ransac_seven_tol_8_result.png, id=396, 742.27313pt x 298.11375pt>
File: ../Q5_1_ransac_seven_tol_8_result.png Graphic file (type png)
<use ../Q5_1_ransac_seven_tol_8_result.png>
Package pdftex.def Info: ../Q5_1_ransac_seven_tol_8_result.png  used on input l
ine 96.
(pdftex.def)             Requested size: 438.45836pt x 170.99557pt.
<../Q5_1_ransac_seven_tol_16_result.png, id=398, 755.07094pt x 316.18124pt>
File: ../Q5_1_ransac_seven_tol_16_result.png Graphic file (type png)
<use ../Q5_1_ransac_seven_tol_16_result.png>
Package pdftex.def Info: ../Q5_1_ransac_seven_tol_16_result.png  used on input 
line 104.
(pdftex.def)             Requested size: 438.45992pt x 171.00067pt.
<../Q5_1_ransac_seven_tol_128_result.png, id=400, 724.20563pt x 283.81032pt>
File: ../Q5_1_ransac_seven_tol_128_result.png Graphic file (type png)
<use ../Q5_1_ransac_seven_tol_128_result.png>
Package pdftex.def Info: ../Q5_1_ransac_seven_tol_128_result.png  used on input
 line 112.
(pdftex.def)             Requested size: 438.4607pt x 171.00204pt.


Package fancyhdr Warning: \headheight is too small (12.0pt): 
(fancyhdr)                Make it at least 13.59999pt, for example:
(fancyhdr)                \setlength{\headheight}{13.59999pt}.
(fancyhdr)                You might also make \topmargin smaller to compensate:

(fancyhdr)                \addtolength{\topmargin}{-1.59999pt}.

[25 <../Q5_1_ransac_seven_tol_8_result.png> <../Q5_1_ransac_seven_tol_16_result
.png> <../Q5_1_ransac_seven_tol_128_result.png>]
Underfull \hbox (badness 10000) in paragraph at lines 120--122

 []


Underfull \hbox (badness 10000) in paragraph at lines 123--125
[]\OT1/ptm/m/n/10.95 The fol-low-ing [][]Fig-ure 33[][][] shows the code snip-p
et of the ransacF() func-tion in
 []


Underfull \hbox (badness 10000) in paragraph at lines 123--125

 []

<../Q5_1_cns.png, id=415, 769.37437pt x 835.62187pt>
File: ../Q5_1_cns.png Graphic file (type png)
<use ../Q5_1_cns.png>
Package pdftex.def Info: ../Q5_1_cns.png  used on input line 129.
(pdftex.def)             Requested size: 438.46577pt x 438.46579pt.

Overfull \vbox (0.94746pt too high) has occurred while \output is active []



Package fancyhdr Warning: \headheight is too small (12.0pt): 
(fancyhdr)                Make it at least 13.59999pt, for example:
(fancyhdr)                \setlength{\headheight}{13.59999pt}.
(fancyhdr)                You might also make \topmargin smaller to compensate:

(fancyhdr)                \addtolength{\topmargin}{-1.59999pt}.

[26 <../Q5_1_cns.png>]
Underfull \hbox (badness 10000) in paragraph at lines 158--160

 []

<../Q5_2_cns1.png, id=428, 764.10469pt x 431.36156pt>
File: ../Q5_2_cns1.png Graphic file (type png)
<use ../Q5_2_cns1.png>
Package pdftex.def Info: ../Q5_2_cns1.png  used on input line 164.
(pdftex.def)             Requested size: 210.45752pt x 118.8058pt.
<../Q5_2_cns2.png, id=430, 1345.27594pt x 812.28468pt>
File: ../Q5_2_cns2.png Graphic file (type png)
<use ../Q5_2_cns2.png>
Package pdftex.def Info: ../Q5_2_cns2.png  used on input line 172.
(pdftex.def)             Requested size: 210.45752pt x 127.0679pt.

Package fancyhdr Warning: \headheight is too small (12.0pt): 
(fancyhdr)                Make it at least 13.59999pt, for example:
(fancyhdr)                \setlength{\headheight}{13.59999pt}.
(fancyhdr)                You might also make \topmargin smaller to compensate:

(fancyhdr)                \addtolength{\topmargin}{-1.59999pt}.

[27 <../Q5_2_cns1.png> <../Q5_2_cns2.png>]
Underfull \hbox (badness 10000) in paragraph at lines 210--212

 []

<../Q5_3_rst1.png, id=448, 357.58594pt x 321.45094pt>
File: ../Q5_3_rst1.png Graphic file (type png)
<use ../Q5_3_rst1.png>
Package pdftex.def Info: ../Q5_3_rst1.png  used on input line 215.
(pdftex.def)             Requested size: 219.22926pt x 219.2361pt.
<../Q5_3_rst2.png, id=450, 334.24875pt x 305.64188pt>
File: ../Q5_3_rst2.png Graphic file (type png)
<use ../Q5_3_rst2.png>
Package pdftex.def Info: ../Q5_3_rst2.png  used on input line 223.
(pdftex.def)             Requested size: 219.2329pt x 219.22716pt.

Overfull \hbox (2.08049pt too wide) in paragraph at lines 213--230
[]$[]$  $[]$ 
 []


Underfull \hbox (badness 10000) in paragraph at lines 213--230

 []


Underfull \hbox (badness 10000) in paragraph at lines 213--230

 []

<../Q5_3_rst3.png, id=452, 349.305pt x 305.64188pt>
File: ../Q5_3_rst3.png Graphic file (type png)
<use ../Q5_3_rst3.png>
Package pdftex.def Info: ../Q5_3_rst3.png  used on input line 233.
(pdftex.def)             Requested size: 219.23183pt x 219.22716pt.
<../Q5_3_rst4.png, id=454, 327.47343pt x 295.1025pt>
File: ../Q5_3_rst4.png Graphic file (type png)
<use ../Q5_3_rst4.png>
Package pdftex.def Info: ../Q5_3_rst4.png  used on input line 241.
(pdftex.def)             Requested size: 219.22618pt x 219.23247pt.

Overfull \hbox (2.08049pt too wide) in paragraph at lines 231--246
[]$[]$  $[]$ 
 []


Underfull \hbox (badness 10000) in paragraph at lines 250--254

 []

<../Q5_3_cns1.png, id=459, 1065.9825pt x 749.04843pt>
File: ../Q5_3_cns1.png Graphic file (type png)
<use ../Q5_3_cns1.png>
Package pdftex.def Info: ../Q5_3_cns1.png  used on input line 257.
(pdftex.def)             Requested size: 438.4545pt x 350.7727pt.

Package fancyhdr Warning: \headheight is too small (12.0pt): 
(fancyhdr)                Make it at least 13.59999pt, for example:
(fancyhdr)                \setlength{\headheight}{13.59999pt}.
(fancyhdr)                You might also make \topmargin smaller to compensate:

(fancyhdr)                \addtolength{\topmargin}{-1.59999pt}.

[28]

Package fancyhdr Warning: \headheight is too small (12.0pt): 
(fancyhdr)                Make it at least 13.59999pt, for example:
(fancyhdr)                \setlength{\headheight}{13.59999pt}.
(fancyhdr)                You might also make \topmargin smaller to compensate:

(fancyhdr)                \addtolength{\topmargin}{-1.59999pt}.

[29 <../Q5_3_rst1.png> <../Q5_3_rst2.png> <../Q5_3_rst3.png> <../Q5_3_rst4.png>
]

Package fancyhdr Warning: \headheight is too small (12.0pt): 
(fancyhdr)                Make it at least 13.59999pt, for example:
(fancyhdr)                \setlength{\headheight}{13.59999pt}.
(fancyhdr)                You might also make \topmargin smaller to compensate:

(fancyhdr)                \addtolength{\topmargin}{-1.59999pt}.

[30 <../Q5_3_cns1.png>]
<../Q5_3_cns2.png, id=488, 779.16093pt x 880.79062pt>
File: ../Q5_3_cns2.png Graphic file (type png)
<use ../Q5_3_cns2.png>
Package pdftex.def Info: ../Q5_3_cns2.png  used on input line 267.
(pdftex.def)             Requested size: 219.2217pt x 219.22945pt.
<../Q5_3_cns3.png, id=490, 707.64375pt x 729.47531pt>
File: ../Q5_3_cns3.png Graphic file (type png)
<use ../Q5_3_cns3.png>
Package pdftex.def Info: ../Q5_3_cns3.png  used on input line 274.
(pdftex.def)             Requested size: 219.22693pt x 219.22273pt.

Overfull \hbox (2.08049pt too wide) in paragraph at lines 265--279
[]$[]$ $[]$ 
 []

<images/q5_3.png, id=492, 800.9925pt x 664.4825pt>
File: images/q5_3.png Graphic file (type png)
<use images/q5_3.png>
Package pdftex.def Info: images/q5_3.png  used on input line 284.
(pdftex.def)             Requested size: 211.38832pt x 175.357pt.
<images/q5_3b.png, id=493, 921.4425pt x 893.3375pt>
File: images/q5_3b.png Graphic file (type png)
<use images/q5_3b.png>
Package pdftex.def Info: images/q5_3b.png  used on input line 285.
(pdftex.def)             Requested size: 187.89914pt x 182.16756pt.
)

Package fancyhdr Warning: \headheight is too small (12.0pt): 
(fancyhdr)                Make it at least 13.59999pt, for example:
(fancyhdr)                \setlength{\headheight}{13.59999pt}.
(fancyhdr)                You might also make \topmargin smaller to compensate:

(fancyhdr)                \addtolength{\topmargin}{-1.59999pt}.

[31 <../Q5_3_cns2.png> <../Q5_3_cns3.png> <./images/q5_3.png> <./images/q5_3b.p
ng>] (part2-6_multiview_keypoint_reconstruction.tex
<images/q6/cam1_time4_det.png, id=507, 602.25pt x 301.125pt>
File: images/q6/cam1_time4_det.png Graphic file (type png)
<use images/q6/cam1_time4_det.png>
Package pdftex.def Info: images/q6/cam1_time4_det.png  used on input line 7.
(pdftex.def)             Requested size: 150.32504pt x 75.16159pt.
<images/q6/cam2_time4_det.png, id=508, 602.25pt x 301.125pt>
File: images/q6/cam2_time4_det.png Graphic file (type png)
<use images/q6/cam2_time4_det.png>
Package pdftex.def Info: images/q6/cam2_time4_det.png  used on input line 8.
(pdftex.def)             Requested size: 150.32504pt x 75.16159pt.
<images/q6/cam3_time4_det.png, id=509, 359.84438pt x 204.01219pt>
File: images/q6/cam3_time4_det.png Graphic file (type png)
<use images/q6/cam3_time4_det.png>
Package pdftex.def Info: images/q6/cam3_time4_det.png  used on input line 9.
(pdftex.def)             Requested size: 150.32504pt x 85.22693pt.
<images/q6/time4_recon_1.png, id=510, 255.1131pt x 234.1548pt>
File: images/q6/time4_recon_1.png Graphic file (type png)
<use images/q6/time4_recon_1.png>
Package pdftex.def Info: images/q6/time4_recon_1.png  used on input line 10.
(pdftex.def)             Requested size: 150.32504pt x 137.97505pt.
<images/q6/time4_recon_2.png, id=511, 263.0628pt x 218.2554pt>
File: images/q6/time4_recon_2.png Graphic file (type png)
<use images/q6/time4_recon_2.png>
Package pdftex.def Info: images/q6/time4_recon_2.png  used on input line 11.
(pdftex.def)             Requested size: 150.32504pt x 124.72656pt.
<images/q6/time4_recon_3.png, id=512, 325.215pt x 246.4407pt>
File: images/q6/time4_recon_3.png Graphic file (type png)
<use images/q6/time4_recon_3.png>
Package pdftex.def Info: images/q6/time4_recon_3.png  used on input line 12.
(pdftex.def)             Requested size: 150.32504pt x 113.9131pt.


Package fancyhdr Warning: \headheight is too small (12.0pt): 
(fancyhdr)                Make it at least 13.59999pt, for example:
(fancyhdr)                \setlength{\headheight}{13.59999pt}.
(fancyhdr)                You might also make \topmargin smaller to compensate:

(fancyhdr)                \addtolength{\topmargin}{-1.59999pt}.

[32 <./images/q6/cam1_time4_det.png> <./images/q6/cam2_time4_det.png> <./images
/q6/cam3_time4_det.png> <./images/q6/time4_recon_1.png> <./images/q6/time4_reco
n_2.png> <./images/q6/time4_recon_3.png>]
<images/q6/temporal_new.png, id=526, 2754.29pt x 1260.71pt>
File: images/q6/temporal_new.png Graphic file (type png)
<use images/q6/temporal_new.png>
Package pdftex.def Info: images/q6/temporal_new.png  used on input line 43.
(pdftex.def)             Requested size: 469.75502pt x 215.01039pt.


Package fancyhdr Warning: \headheight is too small (12.0pt): 
(fancyhdr)                Make it at least 13.59999pt, for example:
(fancyhdr)                \setlength{\headheight}{13.59999pt}.
(fancyhdr)                You might also make \topmargin smaller to compensate:

(fancyhdr)                \addtolength{\topmargin}{-1.59999pt}.

[33 <./images/q6/temporal_new.png>])
Underfull \hbox (badness 10000) in paragraph at lines 58--197

 []


Package fancyhdr Warning: \headheight is too small (12.0pt): 
(fancyhdr)                Make it at least 13.59999pt, for example:
(fancyhdr)                \setlength{\headheight}{13.59999pt}.
(fancyhdr)                You might also make \topmargin smaller to compensate:

(fancyhdr)                \addtolength{\topmargin}{-1.59999pt}.

[34]

Package fancyhdr Warning: \headheight is too small (12.0pt): 
(fancyhdr)                Make it at least 13.59999pt, for example:
(fancyhdr)                \setlength{\headheight}{13.59999pt}.
(fancyhdr)                You might also make \topmargin smaller to compensate:

(fancyhdr)                \addtolength{\topmargin}{-1.59999pt}.

[35] (main.bbl)

Package fancyhdr Warning: \headheight is too small (12.0pt): 
(fancyhdr)                Make it at least 13.59999pt, for example:
(fancyhdr)                \setlength{\headheight}{13.59999pt}.
(fancyhdr)                You might also make \topmargin smaller to compensate:

(fancyhdr)                \addtolength{\topmargin}{-1.59999pt}.

[36] 
enddocument/afterlastpage: lastpage setting LastPage.
(main.aux)
 ***********
LaTeX2e <2023-11-01> patch level 1
L3 programming layer <2024-01-04>
 ***********
Package rerunfilecheck Info: File `main.out' has not changed.
(rerunfilecheck)             Checksum: C2BDDFC5CE635585611338C6B3B47651;1853.
 ) 
Here is how much of TeX's memory you used:
 38901 strings out of 474486
 796320 string characters out of 5740416
 1960542 words of memory out of 5000000
 60316 multiletter control sequences out of 15000+600000
 598995 words of font info for 129 fonts, out of 8000000 for 9000
 1141 hyphenation exceptions out of 8191
 84i,22n,87p,1378b,855s stack positions out of 10000i,1000n,20000p,200000b,200000s
<C:/Users/Patrick Chen/AppData/Local/Programs/MiKTeX/fonts/type1/public/amsfo
nts/cm/cmbx10.pfb><C:/Users/Patrick Chen/AppData/Local/Programs/MiKTeX/fonts/ty
pe1/public/amsfonts/cm/cmex10.pfb><C:/Users/Patrick Chen/AppData/Local/Programs
/MiKTeX/fonts/type1/public/amsfonts/cmextra/cmex8.pfb><C:/Users/Patrick Chen/Ap
pData/Local/Programs/MiKTeX/fonts/type1/public/amsfonts/cm/cmmi10.pfb><C:/Users
/Patrick Chen/AppData/Local/Programs/MiKTeX/fonts/type1/public/amsfonts/cm/cmmi
6.pfb><C:/Users/Patrick Chen/AppData/Local/Programs/MiKTeX/fonts/type1/public/a
msfonts/cm/cmmi8.pfb><C:/Users/Patrick Chen/AppData/Local/Programs/MiKTeX/fonts
/type1/public/amsfonts/cm/cmr10.pfb><C:/Users/Patrick Chen/AppData/Local/Progra
ms/MiKTeX/fonts/type1/public/amsfonts/cm/cmr6.pfb><C:/Users/Patrick Chen/AppDat
a/Local/Programs/MiKTeX/fonts/type1/public/amsfonts/cm/cmr8.pfb><C:/Users/Patri
ck Chen/AppData/Local/Programs/MiKTeX/fonts/type1/public/amsfonts/cm/cmsy10.pfb
><C:/Users/Patrick Chen/AppData/Local/Programs/MiKTeX/fonts/type1/public/amsfon
ts/cm/cmsy6.pfb><C:/Users/Patrick Chen/AppData/Local/Programs/MiKTeX/fonts/type
1/public/amsfonts/cm/cmsy8.pfb><C:/Users/Patrick Chen/AppData/Local/Programs/Mi
KTeX/fonts/type1/public/amsfonts/symbols/msbm10.pfb><C:/Users/Patrick Chen/AppD
ata/Local/Programs/MiKTeX/fonts/type1/urw/courier/ucrb8a.pfb><C:/Users/Patrick 
Chen/AppData/Local/Programs/MiKTeX/fonts/type1/urw/courier/ucrr8a.pfb><C:/Users
/Patrick Chen/AppData/Local/Programs/MiKTeX/fonts/type1/urw/times/utmb8a.pfb><C
:/Users/Patrick Chen/AppData/Local/Programs/MiKTeX/fonts/type1/urw/times/utmbi8
a.pfb><C:/Users/Patrick Chen/AppData/Local/Programs/MiKTeX/fonts/type1/urw/time
s/utmr8a.pfb><C:/Users/Patrick Chen/AppData/Local/Programs/MiKTeX/fonts/type1/u
rw/times/utmri8a.pfb>
Output written on main.pdf (36 pages, 13865554 bytes).
PDF statistics:
 658 PDF objects out of 1000 (max. 8388607)
 125 named destinations out of 1000 (max. 500000)
 384 words of extra memory for PDF output out of 10000 (max. 10000000)

