This is pdfTeX, Version 3.141592653-2.6-1.40.25 (MiKTeX 24.1) (preloaded format=pdflatex 2024.9.5)  8 NOV 2024 23:03
entering extended mode
 restricted \write18 enabled.
 %&-line parsing enabled.
**./bochunc_hw4.tex
(bochunc_hw4.tex
LaTeX2e <2023-11-01> patch level 1
L3 programming layer <2024-01-04>

(C:\Users\Patrick Chen\AppData\Local\Programs\MiKTeX\tex/latex/base\article.cls
Document Class: article 2023/05/17 v1.4n Standard LaTeX document class
(C:\Users\Patrick Chen\AppData\Local\Programs\MiKTeX\tex/latex/base\size10.clo
File: size10.clo 2023/05/17 v1.4n Standard LaTeX file (size option)
)
\c@part=\count187
\c@section=\count188
\c@subsection=\count189
\c@subsubsection=\count190
\c@paragraph=\count191
\c@subparagraph=\count192
\c@figure=\count193
\c@table=\count194
\abovecaptionskip=\skip48
\belowcaptionskip=\skip49
\bibindent=\dimen140
)
(C:\Users\Patrick Chen\AppData\Local\Programs\MiKTeX\tex/latex/graphics\graphic
x.sty
Package: graphicx 2021/09/16 v1.2d Enhanced LaTeX Graphics (DPC,SPQR)

(C:\Users\Patrick Chen\AppData\Local\Programs\MiKTeX\tex/latex/graphics\keyval.
sty
Package: keyval 2022/05/29 v1.15 key=value parser (DPC)
\KV@toks@=\toks17
)
(C:\Users\Patrick Chen\AppData\Local\Programs\MiKTeX\tex/latex/graphics\graphic
s.sty
Package: graphics 2022/03/10 v1.4e Standard LaTeX Graphics (DPC,SPQR)

(C:\Users\Patrick Chen\AppData\Local\Programs\MiKTeX\tex/latex/graphics\trig.st
y
Package: trig 2021/08/11 v1.11 sin cos tan (DPC)
)
(C:\Users\Patrick Chen\AppData\Local\Programs\MiKTeX\tex/latex/graphics-cfg\gra
phics.cfg
File: graphics.cfg 2016/06/04 v1.11 sample graphics configuration
)
Package graphics Info: Driver file: pdftex.def on input line 107.

(C:\Users\Patrick Chen\AppData\Local\Programs\MiKTeX\tex/latex/graphics-def\pdf
tex.def
File: pdftex.def 2022/09/22 v1.2b Graphics/color driver for pdftex
))
\Gin@req@height=\dimen141
\Gin@req@width=\dimen142
)
(C:\Users\Patrick Chen\AppData\Local\Programs\MiKTeX\tex/latex/base\inputenc.st
y
Package: inputenc 2021/02/14 v1.3d Input encoding file
\inpenc@prehook=\toks18
\inpenc@posthook=\toks19
)
(C:\Users\Patrick Chen\AppData\Local\Programs\MiKTeX\tex/latex/base\latexsym.st
y
Package: latexsym 1998/08/17 v2.2e Standard LaTeX package (lasy symbols)
\symlasy=\mathgroup4
LaTeX Font Info:    Overwriting symbol font `lasy' in version `bold'
(Font)                  U/lasy/m/n --> U/lasy/b/n on input line 52.
)
(C:\Users\Patrick Chen\AppData\Local\Programs\MiKTeX\tex/latex/amsfonts\amsfont
s.sty
Package: amsfonts 2013/01/14 v3.01 Basic AMSFonts support
\@emptytoks=\toks20
\symAMSa=\mathgroup5
\symAMSb=\mathgroup6
LaTeX Font Info:    Redeclaring math symbol \hbar on input line 98.
LaTeX Font Info:    Overwriting math alphabet `\mathfrak' in version `bold'
(Font)                  U/euf/m/n --> U/euf/b/n on input line 106.
)
(C:\Users\Patrick Chen\AppData\Local\Programs\MiKTeX\tex/latex/amsfonts\amssymb
.sty
Package: amssymb 2013/01/14 v3.01 AMS font symbols
)
(C:\Users\Patrick Chen\AppData\Local\Programs\MiKTeX\tex/latex/amscls\amsthm.st
y
Package: amsthm 2020/05/29 v2.20.6
\thm@style=\toks21
\thm@bodyfont=\toks22
\thm@headfont=\toks23
\thm@notefont=\toks24
\thm@headpunct=\toks25
\thm@preskip=\skip50
\thm@postskip=\skip51
\thm@headsep=\skip52
\dth@everypar=\toks26
)
(C:\Users\Patrick Chen\AppData\Local\Programs\MiKTeX\tex/latex/amsmath\amsmath.
sty
Package: amsmath 2023/05/13 v2.17o AMS math features
\@mathmargin=\skip53

For additional information on amsmath, use the `?' option.

(C:\Users\Patrick Chen\AppData\Local\Programs\MiKTeX\tex/latex/amsmath\amstext.
sty
Package: amstext 2021/08/26 v2.01 AMS text

(C:\Users\Patrick Chen\AppData\Local\Programs\MiKTeX\tex/latex/amsmath\amsgen.s
ty
File: amsgen.sty 1999/11/30 v2.0 generic functions
\@emptytoks=\toks27
\ex@=\dimen143
))
(C:\Users\Patrick Chen\AppData\Local\Programs\MiKTeX\tex/latex/amsmath\amsbsy.s
ty
Package: amsbsy 1999/11/29 v1.2d Bold Symbols
\pmbraise@=\dimen144
)
(C:\Users\Patrick Chen\AppData\Local\Programs\MiKTeX\tex/latex/amsmath\amsopn.s
ty
Package: amsopn 2022/04/08 v2.04 operator names
)
\inf@bad=\count195
LaTeX Info: Redefining \frac on input line 234.
\uproot@=\count196
\leftroot@=\count197
LaTeX Info: Redefining \overline on input line 399.
LaTeX Info: Redefining \colon on input line 410.
\classnum@=\count198
\DOTSCASE@=\count199
LaTeX Info: Redefining \ldots on input line 496.
LaTeX Info: Redefining \dots on input line 499.
LaTeX Info: Redefining \cdots on input line 620.
\Mathstrutbox@=\box51
\strutbox@=\box52
LaTeX Info: Redefining \big on input line 722.
LaTeX Info: Redefining \Big on input line 723.
LaTeX Info: Redefining \bigg on input line 724.
LaTeX Info: Redefining \Bigg on input line 725.
\big@size=\dimen145
LaTeX Font Info:    Redeclaring font encoding OML on input line 743.
LaTeX Font Info:    Redeclaring font encoding OMS on input line 744.
\macc@depth=\count266
LaTeX Info: Redefining \bmod on input line 905.
LaTeX Info: Redefining \pmod on input line 910.
LaTeX Info: Redefining \smash on input line 940.
LaTeX Info: Redefining \relbar on input line 970.
LaTeX Info: Redefining \Relbar on input line 971.
\c@MaxMatrixCols=\count267
\dotsspace@=\muskip16
\c@parentequation=\count268
\dspbrk@lvl=\count269
\tag@help=\toks28
\row@=\count270
\column@=\count271
\maxfields@=\count272
\andhelp@=\toks29
\eqnshift@=\dimen146
\alignsep@=\dimen147
\tagshift@=\dimen148
\tagwidth@=\dimen149
\totwidth@=\dimen150
\lineht@=\dimen151
\@envbody=\toks30
\multlinegap=\skip54
\multlinetaggap=\skip55
\mathdisplay@stack=\toks31
LaTeX Info: Redefining \[ on input line 2953.
LaTeX Info: Redefining \] on input line 2954.
)
(C:\Users\Patrick Chen\AppData\Local\Programs\MiKTeX\tex/latex/geometry\geometr
y.sty
Package: geometry 2020/01/02 v5.9 Page Geometry

(C:\Users\Patrick Chen\AppData\Local\Programs\MiKTeX\tex/generic/iftex\ifvtex.s
ty
Package: ifvtex 2019/10/25 v1.7 ifvtex legacy package. Use iftex instead.

(C:\Users\Patrick Chen\AppData\Local\Programs\MiKTeX\tex/generic/iftex\iftex.st
y
Package: iftex 2022/02/03 v1.0f TeX engine tests
))
\Gm@cnth=\count273
\Gm@cntv=\count274
\c@Gm@tempcnt=\count275
\Gm@bindingoffset=\dimen152
\Gm@wd@mp=\dimen153
\Gm@odd@mp=\dimen154
\Gm@even@mp=\dimen155
\Gm@layoutwidth=\dimen156
\Gm@layoutheight=\dimen157
\Gm@layouthoffset=\dimen158
\Gm@layoutvoffset=\dimen159
\Gm@dimlist=\toks32

(C:\Users\Patrick Chen\AppData\Local\Programs\MiKTeX\tex/latex/geometry\geometr
y.cfg))
(C:\Users\Patrick Chen\AppData\Local\Programs\MiKTeX\tex/latex/float\float.sty
Package: float 2001/11/08 v1.3d Float enhancements (AL)
\c@float@type=\count276
\float@exts=\toks33
\float@box=\box53
\@float@everytoks=\toks34
\@floatcapt=\box54
)
(C:\Users\Patrick Chen\AppData\Local\Programs\MiKTeX\tex/latex/hyperref\hyperre
f.sty
Package: hyperref 2023-11-26 v7.01g Hypertext links for LaTeX

(C:\Users\Patrick Chen\AppData\Local\Programs\MiKTeX\tex/generic/infwarerr\infw
arerr.sty
Package: infwarerr 2019/12/03 v1.5 Providing info/warning/error messages (HO)
)
(C:\Users\Patrick Chen\AppData\Local\Programs\MiKTeX\tex/latex/kvsetkeys\kvsetk
eys.sty
Package: kvsetkeys 2022-10-05 v1.19 Key value parser (HO)
)
(C:\Users\Patrick Chen\AppData\Local\Programs\MiKTeX\tex/generic/kvdefinekeys\k
vdefinekeys.sty
Package: kvdefinekeys 2019-12-19 v1.6 Define keys (HO)
)
(C:\Users\Patrick Chen\AppData\Local\Programs\MiKTeX\tex/generic/pdfescape\pdfe
scape.sty
Package: pdfescape 2019/12/09 v1.15 Implements pdfTeX's escape features (HO)

(C:\Users\Patrick Chen\AppData\Local\Programs\MiKTeX\tex/generic/ltxcmds\ltxcmd
s.sty
Package: ltxcmds 2023-12-04 v1.26 LaTeX kernel commands for general use (HO)
)
(C:\Users\Patrick Chen\AppData\Local\Programs\MiKTeX\tex/generic/pdftexcmds\pdf
texcmds.sty
Package: pdftexcmds 2020-06-27 v0.33 Utility functions of pdfTeX for LuaTeX (HO
)
Package pdftexcmds Info: \pdf@primitive is available.
Package pdftexcmds Info: \pdf@ifprimitive is available.
Package pdftexcmds Info: \pdfdraftmode found.
))
(C:\Users\Patrick Chen\AppData\Local\Programs\MiKTeX\tex/latex/hycolor\hycolor.
sty
Package: hycolor 2020-01-27 v1.10 Color options for hyperref/bookmark (HO)
)
(C:\Users\Patrick Chen\AppData\Local\Programs\MiKTeX\tex/latex/letltxmacro\letl
txmacro.sty
Package: letltxmacro 2019/12/03 v1.6 Let assignment for LaTeX macros (HO)
)
(C:\Users\Patrick Chen\AppData\Local\Programs\MiKTeX\tex/latex/auxhook\auxhook.
sty
Package: auxhook 2019-12-17 v1.6 Hooks for auxiliary files (HO)
)
(C:\Users\Patrick Chen\AppData\Local\Programs\MiKTeX\tex/latex/hyperref\nameref
.sty
Package: nameref 2023-11-26 v2.56 Cross-referencing by name of section

(C:\Users\Patrick Chen\AppData\Local\Programs\MiKTeX\tex/latex/refcount\refcoun
t.sty
Package: refcount 2019/12/15 v3.6 Data extraction from label references (HO)
)
(C:\Users\Patrick Chen\AppData\Local\Programs\MiKTeX\tex/generic/gettitlestring
\gettitlestring.sty
Package: gettitlestring 2019/12/15 v1.6 Cleanup title references (HO)

(C:\Users\Patrick Chen\AppData\Local\Programs\MiKTeX\tex/latex/kvoptions\kvopti
ons.sty
Package: kvoptions 2022-06-15 v3.15 Key value format for package options (HO)
))
\c@section@level=\count277
)
(C:\Users\Patrick Chen\AppData\Local\Programs\MiKTeX\tex/latex/etoolbox\etoolbo
x.sty
Package: etoolbox 2020/10/05 v2.5k e-TeX tools for LaTeX (JAW)
\etb@tempcnta=\count278
)
\@linkdim=\dimen160
\Hy@linkcounter=\count279
\Hy@pagecounter=\count280

(C:\Users\Patrick Chen\AppData\Local\Programs\MiKTeX\tex/latex/hyperref\pd1enc.
def
File: pd1enc.def 2023-11-26 v7.01g Hyperref: PDFDocEncoding definition (HO)
Now handling font encoding PD1 ...
... no UTF-8 mapping file for font encoding PD1
)
(C:\Users\Patrick Chen\AppData\Local\Programs\MiKTeX\tex/generic/intcalc\intcal
c.sty
Package: intcalc 2019/12/15 v1.3 Expandable calculations with integers (HO)
)
\Hy@SavedSpaceFactor=\count281

(C:\Users\Patrick Chen\AppData\Local\Programs\MiKTeX\tex/latex/hyperref\puenc.d
ef
File: puenc.def 2023-11-26 v7.01g Hyperref: PDF Unicode definition (HO)
Now handling font encoding PU ...
... no UTF-8 mapping file for font encoding PU
)
Package hyperref Info: Hyper figures OFF on input line 4181.
Package hyperref Info: Link nesting OFF on input line 4186.
Package hyperref Info: Hyper index ON on input line 4189.
Package hyperref Info: Plain pages OFF on input line 4196.
Package hyperref Info: Backreferencing OFF on input line 4201.
Package hyperref Info: Implicit mode ON; LaTeX internals redefined.
Package hyperref Info: Bookmarks ON on input line 4448.
\c@Hy@tempcnt=\count282
 (C:\Users\Patrick Chen\AppData\Local\Programs\MiKTeX\tex/latex/url\url.sty
\Urlmuskip=\muskip17
Package: url 2013/09/16  ver 3.4  Verb mode for urls, etc.
)
LaTeX Info: Redefining \url on input line 4786.
\XeTeXLinkMargin=\dimen161

(C:\Users\Patrick Chen\AppData\Local\Programs\MiKTeX\tex/generic/bitset\bitset.
sty
Package: bitset 2019/12/09 v1.3 Handle bit-vector datatype (HO)

(C:\Users\Patrick Chen\AppData\Local\Programs\MiKTeX\tex/generic/bigintcalc\big
intcalc.sty
Package: bigintcalc 2019/12/15 v1.5 Expandable calculations on big integers (HO
)
))
\Fld@menulength=\count283
\Field@Width=\dimen162
\Fld@charsize=\dimen163
Package hyperref Info: Hyper figures OFF on input line 6065.
Package hyperref Info: Link nesting OFF on input line 6070.
Package hyperref Info: Hyper index ON on input line 6073.
Package hyperref Info: backreferencing OFF on input line 6080.
Package hyperref Info: Link coloring OFF on input line 6085.
Package hyperref Info: Link coloring with OCG OFF on input line 6090.
Package hyperref Info: PDF/A mode OFF on input line 6095.

(C:\Users\Patrick Chen\AppData\Local\Programs\MiKTeX\tex/latex/base\atbegshi-lt
x.sty
Package: atbegshi-ltx 2021/01/10 v1.0c Emulation of the original atbegshi
package with kernel methods
)
\Hy@abspage=\count284
\c@Item=\count285
\c@Hfootnote=\count286
)
Package hyperref Info: Driver (autodetected): hpdftex.

(C:\Users\Patrick Chen\AppData\Local\Programs\MiKTeX\tex/latex/hyperref\hpdftex
.def
File: hpdftex.def 2023-11-26 v7.01g Hyperref driver for pdfTeX

(C:\Users\Patrick Chen\AppData\Local\Programs\MiKTeX\tex/latex/base\atveryend-l
tx.sty
Package: atveryend-ltx 2020/08/19 v1.0a Emulation of the original atveryend pac
kage
with kernel methods
)
\Fld@listcount=\count287
\c@bookmark@seq@number=\count288

(C:\Users\Patrick Chen\AppData\Local\Programs\MiKTeX\tex/latex/rerunfilecheck\r
erunfilecheck.sty
Package: rerunfilecheck 2022-07-10 v1.10 Rerun checks for auxiliary files (HO)

(C:\Users\Patrick Chen\AppData\Local\Programs\MiKTeX\tex/generic/uniquecounter\
uniquecounter.sty
Package: uniquecounter 2019/12/15 v1.4 Provide unlimited unique counter (HO)
)
Package uniquecounter Info: New unique counter `rerunfilecheck' on input line 2
85.
)
\Hy@SectionHShift=\skip56
)
(C:\Users\Patrick Chen\AppData\Local\Programs\MiKTeX\tex/latex/caption\caption.
sty
Package: caption 2023/08/05 v3.6o Customizing captions (AR)

(C:\Users\Patrick Chen\AppData\Local\Programs\MiKTeX\tex/latex/caption\caption3
.sty
Package: caption3 2023/07/31 v2.4d caption3 kernel (AR)
\caption@tempdima=\dimen164
\captionmargin=\dimen165
\caption@leftmargin=\dimen166
\caption@rightmargin=\dimen167
\caption@width=\dimen168
\caption@indent=\dimen169
\caption@parindent=\dimen170
\caption@hangindent=\dimen171
Package caption Info: Standard document class detected.
)
\c@caption@flags=\count289
\c@continuedfloat=\count290
Package caption Info: float package is loaded.
Package caption Info: hyperref package is loaded.
)
(C:\Users\Patrick Chen\AppData\Local\Programs\MiKTeX\tex/latex/l3backend\l3back
end-pdftex.def
File: l3backend-pdftex.def 2024-01-04 L3 backend support: PDF output (pdfTeX)
\l__color_backend_stack_int=\count291
\l__pdf_internal_box=\box55
) (bochunc_hw4.aux)
\openout1 = `bochunc_hw4.aux'.

LaTeX Font Info:    Checking defaults for OML/cmm/m/it on input line 21.
LaTeX Font Info:    ... okay on input line 21.
LaTeX Font Info:    Checking defaults for OMS/cmsy/m/n on input line 21.
LaTeX Font Info:    ... okay on input line 21.
LaTeX Font Info:    Checking defaults for OT1/cmr/m/n on input line 21.
LaTeX Font Info:    ... okay on input line 21.
LaTeX Font Info:    Checking defaults for T1/cmr/m/n on input line 21.
LaTeX Font Info:    ... okay on input line 21.
LaTeX Font Info:    Checking defaults for TS1/cmr/m/n on input line 21.
LaTeX Font Info:    ... okay on input line 21.
LaTeX Font Info:    Checking defaults for OMX/cmex/m/n on input line 21.
LaTeX Font Info:    ... okay on input line 21.
LaTeX Font Info:    Checking defaults for U/cmr/m/n on input line 21.
LaTeX Font Info:    ... okay on input line 21.
LaTeX Font Info:    Checking defaults for PD1/pdf/m/n on input line 21.
LaTeX Font Info:    ... okay on input line 21.
LaTeX Font Info:    Checking defaults for PU/pdf/m/n on input line 21.
LaTeX Font Info:    ... okay on input line 21.

(C:\Users\Patrick Chen\AppData\Local\Programs\MiKTeX\tex/context/base/mkii\supp
-pdf.mkii
[Loading MPS to PDF converter (version 2006.09.02).]
\scratchcounter=\count292
\scratchdimen=\dimen172
\scratchbox=\box56
\nofMPsegments=\count293
\nofMParguments=\count294
\everyMPshowfont=\toks35
\MPscratchCnt=\count295
\MPscratchDim=\dimen173
\MPnumerator=\count296
\makeMPintoPDFobject=\count297
\everyMPtoPDFconversion=\toks36
)
(C:\Users\Patrick Chen\AppData\Local\Programs\MiKTeX\tex/latex/epstopdf-pkg\eps
topdf-base.sty
Package: epstopdf-base 2020-01-24 v2.11 Base part for package epstopdf
Package epstopdf-base Info: Redefining graphics rule for `.eps' on input line 4
85.

(C:\Users\Patrick Chen\AppData\Local\Programs\MiKTeX\tex/latex/00miktex\epstopd
f-sys.cfg
File: epstopdf-sys.cfg 2021/03/18 v2.0 Configuration of epstopdf for MiKTeX
))
*geometry* driver: auto-detecting
*geometry* detected driver: pdftex
*geometry* verbose mode - [ preamble ] result:
* driver: pdftex
* paper: a4paper
* layout: <same size as paper>
* layoutoffset:(h,v)=(0.0pt,0.0pt)
* modes: 
* h-part:(L,W,R)=(72.26999pt, 452.9679pt, 72.26999pt)
* v-part:(T,H,B)=(72.26999pt, 700.50687pt, 72.26999pt)
* \paperwidth=597.50787pt
* \paperheight=845.04684pt
* \textwidth=469.75499pt
* \textheight=635.97621pt
* \oddsidemargin=0.0pt
* \evensidemargin=0.0pt
* \topmargin=0.0pt
* \headheight=18.0pt
* \headsep=25.0pt
* \topskip=10.0pt
* \footskip=30.0pt
* \marginparwidth=65.0pt
* \marginparsep=11.0pt
* \columnsep=10.0pt
* \skip\footins=9.0pt plus 4.0pt minus 2.0pt
* \hoffset=0.0pt
* \voffset=0.0pt
* \mag=1000
* \@twocolumnfalse
* \@twosidefalse
* \@mparswitchfalse
* \@reversemarginfalse
* (1in=72.27pt=25.4mm, 1cm=28.453pt)

Package hyperref Info: Link coloring OFF on input line 21.
(bochunc_hw4.out) (bochunc_hw4.out)
\@outlinefile=\write3
\openout3 = `bochunc_hw4.out'.

Package caption Info: Begin \AtBeginDocument code.
Package caption Info: End \AtBeginDocument code.
 [1

{C:/Users/Patrick Chen/AppData/Local/MiKTeX/fonts/map/pdftex/pdftex.map}]
Underfull \hbox (badness 10000) in paragraph at lines 39--41

 []

LaTeX Font Info:    Trying to load font information for U+lasy on input line 41
.
(C:\Users\Patrick Chen\AppData\Local\Programs\MiKTeX\tex/latex/base\ulasy.fd
File: ulasy.fd 1998/08/17 v2.2e LaTeX symbol font definitions
)
LaTeX Font Info:    Trying to load font information for U+msa on input line 41.


(C:\Users\Patrick Chen\AppData\Local\Programs\MiKTeX\tex/latex/amsfonts\umsa.fd
File: umsa.fd 2013/01/14 v3.01 AMS symbols A
)
LaTeX Font Info:    Trying to load font information for U+msb on input line 41.


(C:\Users\Patrick Chen\AppData\Local\Programs\MiKTeX\tex/latex/amsfonts\umsb.fd
File: umsb.fd 2013/01/14 v3.01 AMS symbols B
)
pdfTeX warning (ext4): destination with the same identifier (name{page.1}) has 
been already used, duplicate ignored
<to be read again> 
                   \relax 
l.49 	\newpage
               [1]
Underfull \hbox (badness 10000) in paragraph at lines 51--57

 []


Overfull \hbox (22.87459pt too wide) in paragraph at lines 51--57
\OT1/cmr/m/n/10 One could say that \\OT1/cmr/m/it/10 soft-max takes an ar-bi-tr
ary real-valued vec-tor $\OT1/cmr/bx/n/10 x$ \OT1/cmr/m/it/10 and turns it into
 a $[]$\OT1/cmr/m/n/10 ". 
 []


Underfull \hbox (badness 10000) in paragraph at lines 51--57

 []

[2] [3]
Underfull \hbox (badness 10000) in paragraph at lines 73--75

 []

[4]
Underfull \hbox (badness 10000) in paragraph at lines 85--87

 []


Overfull \hbox (16.67314pt too wide) detected at line 95
[]
 []

[5]
Underfull \hbox (badness 10000) in paragraph at lines 99--101

 []


Underfull \hbox (badness 10000) in paragraph at lines 102--103

 []

<./Q1_6_plot1.png, id=68, 600.74437pt x 335.75438pt>
File: ./Q1_6_plot1.png Graphic file (type png)
<use ./Q1_6_plot1.png>
Package pdftex.def Info: ./Q1_6_plot1.png  used on input line 104.
(pdftex.def)             Requested size: 234.87749pt x 131.27156pt.
<./Q1_6_plot2.png, id=70, 584.1825pt x 278.54062pt>
File: ./Q1_6_plot2.png Graphic file (type png)
<use ./Q1_6_plot2.png>
Package pdftex.def Info: ./Q1_6_plot2.png  used on input line 109.
(pdftex.def)             Requested size: 234.87749pt x 111.9923pt.
[6 <./Q1_6_plot1.png> <./Q1_6_plot2.png>] [7]
Underfull \hbox (badness 10000) in paragraph at lines 128--131

 []

<./Q2_1_2_cns.png, id=93, 597.73312pt x 344.03531pt>
File: ./Q2_1_2_cns.png Graphic file (type png)
<use ./Q2_1_2_cns.png>
Package pdftex.def Info: ./Q2_1_2_cns.png  used on input line 135.
(pdftex.def)             Requested size: 328.82706pt x 189.262pt.
[8 <./Q2_1_2_cns.png>] [9]
Underfull \hbox (badness 10000) in paragraph at lines 149--152

 []

<./Q221_cns.png, id=107, 603.0028pt x 710.655pt>
File: ./Q221_cns.png Graphic file (type png)
<use ./Q221_cns.png>
Package pdftex.def Info: ./Q221_cns.png  used on input line 156.
(pdftex.def)             Requested size: 328.82706pt x 387.52159pt.
[10 <./Q221_cns.png>]
Underfull \hbox (badness 10000) in paragraph at lines 165--168

 []

<./Q222_cns.png, id=116, 584.1825pt x 238.64156pt>
File: ./Q222_cns.png Graphic file (type png)
<use ./Q222_cns.png>
Package pdftex.def Info: ./Q222_cns.png  used on input line 172.
(pdftex.def)             Requested size: 328.82706pt x 134.33022pt.
[11 <./Q222_cns.png>]
Underfull \hbox (badness 10000) in paragraph at lines 181--184

 []

<./Q223_cns.png, id=125, 627.09282pt x 293.59688pt>
File: ./Q223_cns.png Graphic file (type png)
<use ./Q223_cns.png>
Package pdftex.def Info: ./Q223_cns.png  used on input line 188.
(pdftex.def)             Requested size: 328.82706pt x 153.95699pt.
[12 <./Q223_cns.png>]
Underfull \hbox (badness 10000) in paragraph at lines 198--201

 []

<./Q23_cns.png, id=135, 553.31718pt x 711.4078pt>
File: ./Q23_cns.png Graphic file (type png)
<use ./Q23_cns.png>
Package pdftex.def Info: ./Q23_cns.png  used on input line 205.
(pdftex.def)             Requested size: 328.82706pt x 422.77728pt.
[13 <./Q23_cns.png>]
Underfull \hbox (badness 10000) in paragraph at lines 214--217

 []

<./Q24_cns.png, id=145, 549.55313pt x 441.14813pt>
File: ./Q24_cns.png Graphic file (type png)
<use ./Q24_cns.png>
Package pdftex.def Info: ./Q24_cns.png  used on input line 220.
(pdftex.def)             Requested size: 225.48038pt x 180.99979pt.
<./Q24_cns2.png, id=147, 551.81157pt x 831.105pt>
File: ./Q24_cns2.png Graphic file (type png)
<use ./Q24_cns2.png>
Package pdftex.def Info: ./Q24_cns2.png  used on input line 228.
(pdftex.def)             Requested size: 225.48038pt x 339.60123pt.
[14 <./Q24_cns.png> <./Q24_cns2.png>]
Underfull \hbox (badness 10000) in paragraph at lines 236--239

 []

<./Q25_cns.png, id=159, 463.7325pt x 857.45343pt>
File: ./Q25_cns.png Graphic file (type png)
<use ./Q25_cns.png>
Package pdftex.def Info: ./Q25_cns.png  used on input line 243.
(pdftex.def)             Requested size: 328.83488pt x 563.70987pt.
[15 <./Q25_cns.png>]
Underfull \hbox (badness 10000) in paragraph at lines 252--255

 []

<./Q31_res_loss.png, id=169, 453.19313pt x 332.74312pt>
File: ./Q31_res_loss.png Graphic file (type png)
<use ./Q31_res_loss.png>
Package pdftex.def Info: ./Q31_res_loss.png  used on input line 258.
(pdftex.def)             Requested size: 225.48038pt x 165.54863pt.
<./Q31_res_acc.png, id=171, 455.45157pt x 345.54094pt>
File: ./Q31_res_acc.png Graphic file (type png)
<use ./Q31_res_acc.png>
Package pdftex.def Info: ./Q31_res_acc.png  used on input line 266.
(pdftex.def)             Requested size: 225.48038pt x 171.06702pt.
[16 <./Q31_res_loss.png> <./Q31_res_acc.png>]
Underfull \hbox (badness 10000) in paragraph at lines 274--278

 []

<./Q32_lr1_res1.png, id=184, 455.45157pt x 345.54094pt>
File: ./Q32_lr1_res1.png Graphic file (type png)
<use ./Q32_lr1_res1.png>
Package pdftex.def Info: ./Q32_lr1_res1.png  used on input line 281.
(pdftex.def)             Requested size: 225.48038pt x 171.06702pt.
<./Q32_lr1_res2.png, id=186, 450.9347pt x 329.73187pt>
File: ./Q32_lr1_res2.png Graphic file (type png)
<use ./Q32_lr1_res2.png>
Package pdftex.def Info: ./Q32_lr1_res2.png  used on input line 289.
(pdftex.def)             Requested size: 225.48038pt x 164.87558pt.

Underfull \hbox (badness 10000) in paragraph at lines 279--296

 []


Underfull \hbox (badness 10000) in paragraph at lines 279--296

 []


Underfull \hbox (badness 10000) in paragraph at lines 297--299

 []

File: ./Q31_res_loss.png Graphic file (type png)
<use ./Q31_res_loss.png>
Package pdftex.def Info: ./Q31_res_loss.png  used on input line 302.
(pdftex.def)             Requested size: 225.48038pt x 165.54863pt.
File: ./Q31_res_acc.png Graphic file (type png)
<use ./Q31_res_acc.png>
Package pdftex.def Info: ./Q31_res_acc.png  used on input line 310.
(pdftex.def)             Requested size: 225.48038pt x 171.06702pt.

Underfull \hbox (badness 10000) in paragraph at lines 300--317

 []


Underfull \hbox (badness 10000) in paragraph at lines 300--317

 []


Underfull \hbox (badness 10000) in paragraph at lines 318--320

 []

<./Q32_lr3_res1.png, id=194, 461.47406pt x 334.24875pt>
File: ./Q32_lr3_res1.png Graphic file (type png)
<use ./Q32_lr3_res1.png>
Package pdftex.def Info: ./Q32_lr3_res1.png  used on input line 323.
(pdftex.def)             Requested size: 225.48038pt x 163.31409pt.
<./Q32_lr3_res2.png, id=196, 450.9347pt x 335.75438pt>
File: ./Q32_lr3_res2.png Graphic file (type png)
<use ./Q32_lr3_res2.png>
Package pdftex.def Info: ./Q32_lr3_res2.png  used on input line 331.
(pdftex.def)             Requested size: 225.48038pt x 167.88702pt.
[17 <./Q32_lr1_res1.png> <./Q32_lr1_res2.png>] [18 <./Q32_lr3_res1.png> <./Q32_
lr3_res2.png>]
<./Q33_res1.png, id=220, 520.94624pt x 532.99126pt>
File: ./Q33_res1.png Graphic file (type png)
<use ./Q33_res1.png>
Package pdftex.def Info: ./Q33_res1.png  used on input line 345.
(pdftex.def)             Requested size: 225.48038pt x 230.69447pt.
<./Q33_res2.png, id=222, 516.42938pt x 521.69907pt>
File: ./Q33_res2.png Graphic file (type png)
<use ./Q33_res2.png>
Package pdftex.def Info: ./Q33_res2.png  used on input line 353.
(pdftex.def)             Requested size: 225.48038pt x 227.78107pt.
 [19 <./Q33_res1.png> <./Q33_res2.png>]
Underfull \hbox (badness 10000) in paragraph at lines 361--364

 []

<./Q34_res.png, id=234, 660.96938pt x 540.51938pt>
File: ./Q34_res.png Graphic file (type png)
<use ./Q34_res.png>
Package pdftex.def Info: ./Q34_res.png  used on input line 368.
(pdftex.def)             Requested size: 328.82706pt x 268.91466pt.
[20 <./Q34_res.png>]
LaTeX Font Info:    Font shape `OT1/cmtt/bx/n' in size <12> not available
(Font)              Font shape `OT1/cmtt/m/n' tried instead on input line 376.
<./Q41_ex1.png, id=243, 916.1728pt x 467.49657pt>
File: ./Q41_ex1.png Graphic file (type png)
<use ./Q41_ex1.png>
Package pdftex.def Info: ./Q41_ex1.png  used on input line 385.
(pdftex.def)             Requested size: 177.89926pt x 90.77269pt.

Underfull \hbox (badness 10000) in paragraph at lines 380--392

 []


Underfull \hbox (badness 10000) in paragraph at lines 393--395

 []

<./Q41_ex2.png, id=245, 1627.58063pt x 429.85594pt>
File: ./Q41_ex2.png Graphic file (type png)
<use ./Q41_ex2.png>
Package pdftex.def Info: ./Q41_ex2.png  used on input line 399.
(pdftex.def)             Requested size: 311.3271pt x 82.22443pt.
[21 <./Q41_ex1.png> <./Q41_ex2.png>]
Underfull \hbox (badness 10000) in paragraph at lines 409--412

 []

<./Q42_cns.png, id=257, 902.6222pt x 898.10532pt>
File: ./Q42_cns.png Graphic file (type png)
<use ./Q42_cns.png>
Package pdftex.def Info: ./Q42_cns.png  used on input line 416.
(pdftex.def)             Requested size: 328.82706pt x 327.18219pt.
[22 <./Q42_cns.png>]
<./Q43_res1.png, id=267, 671.50874pt x 478.03593pt>
File: ./Q43_res1.png Graphic file (type png)
<use ./Q43_res1.png>
Package pdftex.def Info: ./Q43_res1.png  used on input line 431.
(pdftex.def)             Requested size: 225.48038pt x 160.51685pt.
<./Q43_res2.png, id=269, 683.55376pt x 428.35031pt>
File: ./Q43_res2.png Graphic file (type png)
<use ./Q43_res2.png>
Package pdftex.def Info: ./Q43_res2.png  used on input line 439.
(pdftex.def)             Requested size: 248.02979pt x 155.42824pt.

Overfull \hbox (22.54941pt too wide) in paragraph at lines 439--443
 [][] 
 []


Underfull \hbox (badness 10000) in paragraph at lines 429--446

 []


Underfull \hbox (badness 10000) in paragraph at lines 429--446

 []

<./Q43_res3.png, id=271, 746.03719pt x 310.15875pt>
File: ./Q43_res3.png Graphic file (type png)
<use ./Q43_res3.png>
Package pdftex.def Info: ./Q43_res3.png  used on input line 449.
(pdftex.def)             Requested size: 225.48038pt x 93.7393pt.
<./Q43_res4.png, id=273, 675.27281pt x 477.28313pt>
File: ./Q43_res4.png Graphic file (type png)
<use ./Q43_res4.png>
Package pdftex.def Info: ./Q43_res4.png  used on input line 457.
(pdftex.def)             Requested size: 225.48038pt x 159.36829pt.

Underfull \hbox (badness 10000) in paragraph at lines 447--463

 []

[23 <./Q43_res1.png> <./Q43_res2.png> <./Q43_res3.png> <./Q43_res4.png>]
<./Q44_res1.png, id=290, 431.36156pt x 244.66406pt>
File: ./Q44_res1.png Graphic file (type png)
<use ./Q44_res1.png>
Package pdftex.def Info: ./Q44_res1.png  used on input line 474.
(pdftex.def)             Requested size: 155.02pt x 87.92592pt.
<./Q44_add_space1.png, id=291, 478.78876pt x 433.62pt>
File: ./Q44_add_space1.png Graphic file (type png)
<use ./Q44_add_space1.png>
Package pdftex.def Info: ./Q44_add_space1.png  used on input line 481.
(pdftex.def)             Requested size: 155.02003pt x 86.80847pt.
<./images/01_list.jpg, id=292, 2278.5125pt x 1637.11626pt>
File: ./images/01_list.jpg Graphic file (type jpg)
<use ./images/01_list.jpg>
Package pdftex.def Info: ./images/01_list.jpg  used on input line 488.
(pdftex.def)             Requested size: 155.02pt x 111.3624pt.
<./Q44_res2.png, id=293, 440.39531pt x 155.07938pt>
File: ./Q44_res2.png Graphic file (type png)
<use ./Q44_res2.png>
Package pdftex.def Info: ./Q44_res2.png  used on input line 498.
(pdftex.def)             Requested size: 155.02pt x 54.58856pt.
<./Q44_add_space2.png, id=294, 290.58563pt x 271.0125pt>
File: ./Q44_add_space2.png Graphic file (type png)
<use ./Q44_add_space2.png>
Package pdftex.def Info: ./Q44_add_space2.png  used on input line 505.
(pdftex.def)             Requested size: 93.01146pt x 54.2553pt.
<./images/02_letters.jpg, id=295, 2753.28625pt x 1718.42pt>
File: ./images/02_letters.jpg Graphic file (type jpg)
<use ./images/02_letters.jpg>
Package pdftex.def Info: ./images/02_letters.jpg  used on input line 512.
(pdftex.def)             Requested size: 155.02pt x 96.72906pt.
<./Q44_res3.png, id=296, 437.38406pt x 108.405pt>
File: ./Q44_res3.png Graphic file (type png)
<use ./Q44_res3.png>
Package pdftex.def Info: ./Q44_res3.png  used on input line 522.
(pdftex.def)             Requested size: 155.02pt x 38.422pt.
<./Q44_add_space3.png, id=297, 669.2503pt x 169.38281pt>
File: ./Q44_add_space3.png Graphic file (type png)
<use ./Q44_add_space3.png>
Package pdftex.def Info: ./Q44_add_space3.png  used on input line 529.
(pdftex.def)             Requested size: 155.017pt x 38.75562pt.
<./images/03_haiku.jpg, id=298, 3767.07375pt x 883.3pt>
File: ./images/03_haiku.jpg Graphic file (type jpg)
<use ./images/03_haiku.jpg>
Package pdftex.def Info: ./images/03_haiku.jpg  used on input line 536.
(pdftex.def)             Requested size: 155.02pt x 36.33684pt.
<./Q44_res4.png, id=299, 444.91219pt x 108.405pt>
File: ./Q44_res4.png Graphic file (type png)
<use ./Q44_res4.png>
Package pdftex.def Info: ./Q44_res4.png  used on input line 546.
(pdftex.def)             Requested size: 155.02pt x 37.77028pt.
<./Q44_add_space4.png, id=300, 314.67563pt x 155.07938pt>
File: ./Q44_add_space4.png Graphic file (type png)
<use ./Q44_add_space4.png>
Package pdftex.def Info: ./Q44_add_space4.png  used on input line 553.
(pdftex.def)             Requested size: 124.01462pt x 37.2056pt.
<./images/04_deep.jpg, id=301, 4047.12pt x 3035.34pt>
File: ./images/04_deep.jpg Graphic file (type jpg)
<use ./images/04_deep.jpg>
Package pdftex.def Info: ./images/04_deep.jpg  used on input line 560.
(pdftex.def)             Requested size: 155.00253pt x 93.00151pt.

[24 <./Q44_res1.png> <./Q44_add_space1.png> <./images/01_list.jpg> <./Q44_res2.
png> <./Q44_add_space2.png> <./images/02_letters.jpg> <./Q44_res3.png> <./Q44_a
dd_space3.png> <./images/03_haiku.jpg> <./Q44_res4.png> <./Q44_add_space4.png> 
<./images/04_deep.jpg>]
Underfull \hbox (badness 10000) in paragraph at lines 569--572

 []

<./Q51_cns.png, id=321, 623.32875pt x 914.66719pt>
File: ./Q51_cns.png Graphic file (type png)
<use ./Q51_cns.png>
Package pdftex.def Info: ./Q51_cns.png  used on input line 576.
(pdftex.def)             Requested size: 375.80542pt x 551.45633pt.
[25 <./Q51_cns.png>]
Underfull \hbox (badness 10000) in paragraph at lines 585--588

 []

<./Q52_cns.png, id=330, 1001.24063pt x 572.89032pt>
File: ./Q52_cns.png Graphic file (type png)
<use ./Q52_cns.png>
Package pdftex.def Info: ./Q52_cns.png  used on input line 592.
(pdftex.def)             Requested size: 469.75499pt x 268.78644pt.
[26 <./Q52_cns.png>]
Underfull \hbox (badness 10000) in paragraph at lines 601--604

 []

<./Q52_res.png, id=339, 453.94594pt x 333.49594pt>
File: ./Q52_res.png Graphic file (type png)
<use ./Q52_res.png>
Package pdftex.def Info: ./Q52_res.png  used on input line 608.
(pdftex.def)             Requested size: 469.75499pt x 345.11269pt.
[27 <./Q52_res.png>]
Underfull \hbox (badness 10000) in paragraph at lines 617--620

 []

<./Q53_res.png, id=348, 438.13687pt x 513.41812pt>
File: ./Q53_res.png Graphic file (type png)
<use ./Q53_res.png>
Package pdftex.def Info: ./Q53_res.png  used on input line 624.
(pdftex.def)             Requested size: 375.80542pt x 440.38719pt.
[28 <./Q53_res.png>]
Underfull \hbox (badness 10000) in paragraph at lines 633--636

 []

<./Q54_res.png, id=357, 896.59969pt x 471.26062pt>
File: ./Q54_res.png Graphic file (type png)
<use ./Q54_res.png>
Package pdftex.def Info: ./Q54_res.png  used on input line 640.
(pdftex.def)             Requested size: 375.80542pt x 197.52542pt.
[29 <./Q54_res.png>]
Underfull \hbox (badness 10000) in paragraph at lines 649--652

 []

<./Q6_1_res.png, id=368, 790.45313pt x 359.84438pt>
File: ./Q6_1_res.png Graphic file (type png)
<use ./Q6_1_res.png>
Package pdftex.def Info: ./Q6_1_res.png  used on input line 657.
(pdftex.def)             Requested size: 375.80542pt x 171.08159pt.

Underfull \hbox (badness 10000) in paragraph at lines 654--665

 []


Underfull \hbox (badness 10000) in paragraph at lines 654--665

 []

<./Q6_1_cns1.png, id=369, 927.465pt x 662.475pt>
File: ./Q6_1_cns1.png Graphic file (type png)
<use ./Q6_1_cns1.png>
Package pdftex.def Info: ./Q6_1_cns1.png  used on input line 669.
(pdftex.def)             Requested size: 225.48038pt x 161.04929pt.
<./Q6_1_cns2.png, id=371, 601.4972pt x 488.57532pt>
File: ./Q6_1_cns2.png Graphic file (type png)
<use ./Q6_1_cns2.png>
Package pdftex.def Info: ./Q6_1_cns2.png  used on input line 677.
(pdftex.def)             Requested size: 225.48038pt x 183.1482pt.
<./Q6_1_cns3.png, id=373, 459.96844pt x 741.52031pt>
File: ./Q6_1_cns3.png Graphic file (type png)
<use ./Q6_1_cns3.png>
Package pdftex.def Info: ./Q6_1_cns3.png  used on input line 686.
(pdftex.def)             Requested size: 422.77661pt x 681.59598pt.
[30 <./Q6_1_res.png> <./Q6_1_cns1.png> <./Q6_1_cns2.png>]
Overfull \vbox (55.56421pt too high) has occurred while \output is active []


[31 <./Q6_1_cns3.png>]
Underfull \hbox (badness 10000) in paragraph at lines 695--698

 []

<./Q6_1_2_res.png, id=394, 839.38594pt x 356.0803pt>
File: ./Q6_1_2_res.png Graphic file (type png)
<use ./Q6_1_2_res.png>
Package pdftex.def Info: ./Q6_1_2_res.png  used on input line 702.
(pdftex.def)             Requested size: 469.75499pt x 199.27864pt.

Underfull \hbox (badness 10000) in paragraph at lines 699--709

 []

<./Q6_1_2_cns.png, id=395, 770.12718pt x 633.86812pt>
File: ./Q6_1_2_cns.png Graphic file (type png)
<use ./Q6_1_2_cns.png>
Package pdftex.def Info: ./Q6_1_2_cns.png  used on input line 713.
(pdftex.def)             Requested size: 328.82706pt x 270.64291pt.

Underfull \hbox (badness 10000) in paragraph at lines 710--720

 []

[32 <./Q6_1_2_res.png> <./Q6_1_2_cns.png>]
Underfull \hbox (badness 10000) in paragraph at lines 723--726

 []

<./Q6_1_3_res.png, id=406, 828.09375pt x 353.06906pt>
File: ./Q6_1_3_res.png Graphic file (type png)
<use ./Q6_1_3_res.png>
Package pdftex.def Info: ./Q6_1_3_res.png  used on input line 730.
(pdftex.def)             Requested size: 469.75499pt x 200.2925pt.

Underfull \hbox (badness 10000) in paragraph at lines 727--737

 []

[33 <./Q6_1_3_res.png>]
Underfull \hbox (badness 10000) in paragraph at lines 741--744

 []

<./Q6_2_ft.png, id=415, 828.09375pt x 353.06906pt>
File: ./Q6_2_ft.png Graphic file (type png)
<use ./Q6_2_ft.png>
Package pdftex.def Info: ./Q6_2_ft.png  used on input line 748.
(pdftex.def)             Requested size: 469.75499pt x 200.2925pt.

Underfull \hbox (badness 10000) in paragraph at lines 745--755

 []


Underfull \hbox (badness 10000) in paragraph at lines 756--758

 []

<./Q6_2_or.png, id=417, 802.49812pt x 351.56343pt>
File: ./Q6_2_or.png Graphic file (type png)
<use ./Q6_2_or.png>
Package pdftex.def Info: ./Q6_2_or.png  used on input line 762.
(pdftex.def)             Requested size: 469.75499pt x 205.7952pt.

Underfull \hbox (badness 10000) in paragraph at lines 759--769

 []

[34 <./Q6_2_ft.png> <./Q6_2_or.png>] [35]
Overfull \hbox (90.99042pt too wide) in paragraph at lines 781--782
[][]$\OT1/cmtt/m/n/10 https : / / www . geeksforgeeks . org / how-[]do-[]you-[]
use-[]pytorchs-[]dataset-[]and-[]dataloader-[]classes-[]for-[]custom-[]data/$[]
 
 []


Overfull \hbox (12.49106pt too wide) in paragraph at lines 783--784
[][]$\OT1/cmtt/m/n/10 https : / / pytorch . org / tutorials / beginner / data _
 loading _ tutorial . html # afterword-[]torchvision$[] 
 []

[36] (bochunc_hw4.aux)
 ***********
LaTeX2e <2023-11-01> patch level 1
L3 programming layer <2024-01-04>
 ***********
Package rerunfilecheck Info: File `bochunc_hw4.out' has not changed.
(rerunfilecheck)             Checksum: D41D8CD98F00B204E9800998ECF8427E;0.
 ) 
Here is how much of TeX's memory you used:
 12137 strings out of 474486
 195369 string characters out of 5740416
 1934542 words of memory out of 5000000
 34132 multiletter control sequences out of 15000+600000
 563242 words of font info for 58 fonts, out of 8000000 for 9000
 1141 hyphenation exceptions out of 8191
 75i,13n,79p,638b,461s stack positions out of 10000i,1000n,20000p,200000b,200000s
 <C:\Users\Patrick Chen\AppData\Local\MiKTeX\fonts/pk/ljfour/jknappen/ec/dpi6
00\tcrm1000.pk><C:/Users/Patrick Chen/AppData/Local/Programs/MiKTeX/fonts/type1
/public/amsfonts/cm/cmbx10.pfb><C:/Users/Patrick Chen/AppData/Local/Programs/Mi
KTeX/fonts/type1/public/amsfonts/cm/cmbx12.pfb><C:/Users/Patrick Chen/AppData/L
ocal/Programs/MiKTeX/fonts/type1/public/amsfonts/cm/cmex10.pfb><C:/Users/Patric
k Chen/AppData/Local/Programs/MiKTeX/fonts/type1/public/amsfonts/cmextra/cmex7.
pfb><C:/Users/Patrick Chen/AppData/Local/Programs/MiKTeX/fonts/type1/public/ams
fonts/cm/cmmi10.pfb><C:/Users/Patrick Chen/AppData/Local/Programs/MiKTeX/fonts/
type1/public/amsfonts/cm/cmmi5.pfb><C:/Users/Patrick Chen/AppData/Local/Program
s/MiKTeX/fonts/type1/public/amsfonts/cm/cmmi7.pfb><C:/Users/Patrick Chen/AppDat
a/Local/Programs/MiKTeX/fonts/type1/public/amsfonts/cm/cmr10.pfb><C:/Users/Patr
ick Chen/AppData/Local/Programs/MiKTeX/fonts/type1/public/amsfonts/cm/cmr12.pfb
><C:/Users/Patrick Chen/AppData/Local/Programs/MiKTeX/fonts/type1/public/amsfon
ts/cm/cmr7.pfb><C:/Users/Patrick Chen/AppData/Local/Programs/MiKTeX/fonts/type1
/public/amsfonts/cm/cmsy10.pfb><C:/Users/Patrick Chen/AppData/Local/Programs/Mi
KTeX/fonts/type1/public/amsfonts/cm/cmsy5.pfb><C:/Users/Patrick Chen/AppData/Lo
cal/Programs/MiKTeX/fonts/type1/public/amsfonts/cm/cmsy7.pfb><C:/Users/Patrick 
Chen/AppData/Local/Programs/MiKTeX/fonts/type1/public/amsfonts/cm/cmti10.pfb><C
:/Users/Patrick Chen/AppData/Local/Programs/MiKTeX/fonts/type1/public/amsfonts/
cm/cmtt10.pfb><C:/Users/Patrick Chen/AppData/Local/Programs/MiKTeX/fonts/type1/
public/amsfonts/symbols/msbm10.pfb>
Output written on bochunc_hw4.pdf (37 pages, 8102196 bytes).
PDF statistics:
 559 PDF objects out of 1000 (max. 8388607)
 151 named destinations out of 1000 (max. 500000)
 261 words of extra memory for PDF output out of 10000 (max. 10000000)

